2025.10.25 18:18:28 INFO  Started: Metals version 1.6.3 in folders '/home/deeme/Documents/code/Egui_calculator' for client Neovim 0.11.4+v0.11.4.[0m
2025.10.25 18:18:28 WARN  Using H2 2.4.240 which is newer than the version Flyway has been verified with. The latest verified version of H2 is 2.3.232.[0m
2025.10.25 18:18:29 INFO  no build target found for /home/deeme/Documents/code/Egui_calculator/egui-calculator/src/scala/cs214/tiny/TinyDriver.scala. Using presentation compiler with project's scala-library version: 3.3.6[0m
2025.10.25 18:18:29 INFO  no build target found for /home/deeme/Documents/code/Egui_calculator/egui-calculator/src/scala/cs214/tiny/TinyParser.scala. Using presentation compiler with project's scala-library version: 3.3.6[0m
2025.10.25 18:18:29 WARN  scala-cli >= 0.1.3 not found in PATH, fetching and starting a JVM-based Scala CLI[0m
2025.10.25 18:18:33 WARN  no build target for: /home/deeme/Documents/code/Egui_calculator/egui-calculator/src/scala/cs214/tiny/TinyParser.scala[0m
2025.10.25 18:18:33 INFO  no build target found for /home/deeme/Documents/code/Egui_calculator/egui-calculator/src/scala/cs214/Parser.scala. Using presentation compiler with project's scala-library version: 3.3.6[0m
oct. 25, 2025 6:18:33 PM org.eclipse.lsp4j.jsonrpc.RemoteEndpoint handleCancellation
AVERTISSEMENT: Unmatched cancel notification for request id 3
2025.10.25 18:18:33 INFO  no build target found for /home/deeme/Documents/code/Egui_calculator/egui-calculator/src/scala/cs214/Parser.scala. Using presentation compiler with project's scala-library version: 3.3.6[0m
Exception in thread "pool-6-thread-1" java.lang.InterruptedException
	at scala.meta.internal.metals.FutureCancelToken.checkCanceled(FutureCancelToken.scala:29)
	at scala.meta.internal.pc.CompilerAccess.onCompilerJobQueue$$anonfun$1(CompilerAccess.scala:244)
	at scala.meta.internal.pc.CompilerJobQueue$Job.run(CompilerJobQueue.scala:153)
	at java.base/java.util.concurrent.ThreadPoolExecutor.runWorker(ThreadPoolExecutor.java:1136)
	at java.base/java.util.concurrent.ThreadPoolExecutor$Worker.run(ThreadPoolExecutor.java:635)
	at java.base/java.lang.Thread.run(Thread.java:840)
2025.10.25 18:18:37 WARN  no build target for: /home/deeme/Documents/code/Egui_calculator/egui-calculator/src/scala/cs214/Parser.scala[0m
2025.10.25 18:18:37 INFO  no build target found for /home/deeme/Documents/code/Egui_calculator/egui-calculator/src/scala/cs214/Driver.scala. Using presentation compiler with project's scala-library version: 3.3.6[0m
2025.10.25 18:18:37 INFO  no build target found for /home/deeme/Documents/code/Egui_calculator/egui-calculator/src/scala/cs214/Driver.scala. Using presentation compiler with project's scala-library version: 3.3.6[0m
Exception in thread "pool-8-thread-1" java.lang.InterruptedException
	at scala.meta.internal.metals.FutureCancelToken.checkCanceled(FutureCancelToken.scala:29)
	at scala.meta.internal.pc.CompilerAccess.onCompilerJobQueue$$anonfun$1(CompilerAccess.scala:244)
	at scala.meta.internal.pc.CompilerJobQueue$Job.run(CompilerJobQueue.scala:153)
	at java.base/java.util.concurrent.ThreadPoolExecutor.runWorker(ThreadPoolExecutor.java:1136)
	at java.base/java.util.concurrent.ThreadPoolExecutor$Worker.run(ThreadPoolExecutor.java:635)
	at java.base/java.lang.Thread.run(Thread.java:840)
2025.10.25 18:18:42 WARN  no build target for: /home/deeme/Documents/code/Egui_calculator/egui-calculator/src/scala/cs214/Driver.scala[0m
2025.10.25 18:18:42 INFO  no build target found for /home/deeme/Documents/code/Egui_calculator/egui-calculator/src/scala/cs214/Token.scala. Using presentation compiler with project's scala-library version: 3.3.6[0m
2025.10.25 18:18:53 WARN  no build target for: /home/deeme/Documents/code/Egui_calculator/egui-calculator/src/scala/cs214/Token.scala[0m
2025.10.25 18:18:53 INFO  no build target found for /home/deeme/Documents/code/Egui_calculator/egui-calculator/src/scala/calculator/Expr.scala. Using presentation compiler with project's scala-library version: 3.3.6[0m
2025.10.25 18:18:53 INFO  no build target found for /home/deeme/Documents/code/Egui_calculator/egui-calculator/src/scala/calculator/Expr.scala. Using presentation compiler with project's scala-library version: 3.3.6[0m
Exception in thread "pool-10-thread-1" java.lang.InterruptedException
	at scala.meta.internal.metals.FutureCancelToken.checkCanceled(FutureCancelToken.scala:29)
	at scala.meta.internal.pc.CompilerAccess.onCompilerJobQueue$$anonfun$1(CompilerAccess.scala:244)
	at scala.meta.internal.pc.CompilerJobQueue$Job.run(CompilerJobQueue.scala:153)
	at java.base/java.util.concurrent.ThreadPoolExecutor.runWorker(ThreadPoolExecutor.java:1136)
	at java.base/java.util.concurrent.ThreadPoolExecutor$Worker.run(ThreadPoolExecutor.java:635)
	at java.base/java.lang.Thread.run(Thread.java:840)
Exception in thread "pool-12-thread-1" java.lang.InterruptedException
	at scala.meta.internal.metals.FutureCancelToken.checkCanceled(FutureCancelToken.scala:29)
	at scala.meta.internal.pc.CompilerAccess.onCompilerJobQueue$$anonfun$1(CompilerAccess.scala:244)
	at scala.meta.internal.pc.CompilerJobQueue$Job.run(CompilerJobQueue.scala:153)
	at java.base/java.util.concurrent.ThreadPoolExecutor.runWorker(ThreadPoolExecutor.java:1136)
	at java.base/java.util.concurrent.ThreadPoolExecutor$Worker.run(ThreadPoolExecutor.java:635)
	at java.base/java.lang.Thread.run(Thread.java:840)
2025.10.25 18:19:12 WARN  no build target for: /home/deeme/Documents/code/Egui_calculator/egui-calculator/src/scala/calculator/Expr.scala[0m
2025.10.25 18:19:12 INFO  no build target found for /home/deeme/Documents/code/Egui_calculator/egui-calculator/src/scala/calculator.worksheet.sc. Using presentation compiler with project's scala-library version: 3.3.6[0m
2025.10.25 18:19:12 INFO  no build target found for /home/deeme/Documents/code/Egui_calculator/egui-calculator/src/scala/calculator.worksheet.sc. Using presentation compiler with project's scala-library version: 3.3.6[0m
Exception in thread "pool-13-thread-1" java.lang.InterruptedException
	at scala.meta.internal.metals.FutureCancelToken.checkCanceled(FutureCancelToken.scala:29)
	at scala.meta.internal.pc.CompilerAccess.onCompilerJobQueue$$anonfun$1(CompilerAccess.scala:244)
	at scala.meta.internal.pc.CompilerJobQueue$Job.run(CompilerJobQueue.scala:153)
	at java.base/java.util.concurrent.ThreadPoolExecutor.runWorker(ThreadPoolExecutor.java:1136)
	at java.base/java.util.concurrent.ThreadPoolExecutor$Worker.run(ThreadPoolExecutor.java:635)
	at java.base/java.lang.Thread.run(Thread.java:840)
2025.10.25 18:19:14 INFO  Running List(/usr/lib/jvm/java-17-openjdk/bin/java, -cp, /home/deeme/.cache/coursier/v1/https/repo1.maven.org/maven2/org/virtuslab/scala-cli/cli_3/1.9.1/cli_3-1.9.1.jar:/home/deeme/.cache/coursier/v1/https/repo1.maven.org/maven2/com/github/alexarchambault/case-app_3/2.1.0/case-app_3-2.1.0.jar:/home/deeme/.cache/coursier/v1/https/repo1.maven.org/maven2/io/get-coursier/coursier-launcher_2.13/2.1.24/coursier-launcher_2.13-2.1.24.jar:/home/deeme/.cache/coursier/v1/https/repo1.maven.org/maven2/io/get-coursier/coursier-proxy-setup/2.1.24/coursier-proxy-setup-2.1.24.jar:/home/deeme/.cache/coursier/v1/https/repo1.maven.org/maven2/io/get-coursier/publish/publish_3/0.4.3/publish_3-0.4.3.jar:/home/deeme/.cache/coursier/v1/https/repo1.maven.org/maven2/com/google/jimfs/jimfs/1.3.1/jimfs-1.3.1.jar:/home/deeme/.cache/coursier/v1/https/repo1.maven.org/maven2/io/get-coursier/jniutils/windows-jni-utils/0.3.3/windows-jni-utils-0.3.3.jar:/home/deeme/.cache/coursier/v1/https/repo1.maven.org/maven2/com/github/plokhotnyuk/jsoniter-scala/jsoniter-scala-core_3/2.13.5.2/jsoniter-scala-core_3-2.13.5.2.jar:/home/deeme/.cache/coursier/v1/https/repo1.maven.org/maven2/org/virtuslab/scala-cli/libsodiumjni/0.0.4/libsodiumjni-0.0.4.jar:/home/deeme/.cache/coursier/v1/https/repo1.maven.org/maven2/org/scalameta/metaconfig-typesafe-config_3/0.16.0/metaconfig-typesafe-config_3-0.16.0.jar:/home/deeme/.cache/coursier/v1/https/repo1.maven.org/maven2/ai/kien/python-native-libs_3/0.2.4/python-native-libs_3-0.2.4.jar:/home/deeme/.cache/coursier/v1/https/repo1.maven.org/maven2/org/virtuslab/scala-packager_3/0.2.0/scala-packager_3-0.2.0.jar:/home/deeme/.cache/coursier/v1/https/repo1.maven.org/maven2/org/virtuslab/scala-cli-signing/cli_3/0.2.11/cli_3-0.2.11.jar:/home/deeme/.cache/coursier/v1/https/repo1.maven.org/maven2/org/slf4j/slf4j-nop/2.0.17/slf4j-nop-2.0.17.jar:/home/deeme/.cache/coursier/v1/https/repo1.maven.org/maven2/com/softwaremill/sttp/client3/core_3/3.11.0/core_3-3.11.0.jar:/home/deeme/.cache/coursier/v1/https/repo1.maven.org/maven2/ch/epfl/scala/scalafix-interfaces/0.14.3/scalafix-interfaces-0.14.3.jar:/home/deeme/.cache/coursier/v1/https/repo1.maven.org/maven2/org/scala-lang/scala3-library_3/3.3.6/scala3-library_3-3.3.6.jar:/home/deeme/.cache/coursier/v1/https/repo1.maven.org/maven2/org/virtuslab/scala-cli/build-module_3/1.9.1/build-module_3-1.9.1.jar:/home/deeme/.cache/coursier/v1/https/repo1.maven.org/maven2/org/virtuslab/scala-cli/config_3/1.9.1/config_3-1.9.1.jar:/home/deeme/.cache/coursier/v1/https/repo1.maven.org/maven2/org/virtuslab/scala-cli/scala3-graal_3/1.9.1/scala3-graal_3-1.9.1.jar:/home/deeme/.cache/coursier/v1/https/repo1.maven.org/maven2/org/virtuslab/scala-cli/specification-level_3/1.9.1/specification-level_3-1.9.1.jar:/home/deeme/.cache/coursier/v1/https/repo1.maven.org/maven2/com/lihaoyi/sourcecode_3/0.4.3-M5/sourcecode_3-0.4.3-M5.jar:/home/deeme/.cache/coursier/v1/https/repo1.maven.org/maven2/com/github/alexarchambault/case-app-annotations_3/2.1.0/case-app-annotations_3-2.1.0.jar:/home/deeme/.cache/coursier/v1/https/repo1.maven.org/maven2/com/github/alexarchambault/case-app-util_3/2.1.0/case-app-util_3-2.1.0.jar:/home/deeme/.cache/coursier/v1/https/repo1.maven.org/maven2/io/github/alexarchambault/scala-cli/tmp/zip-input-stream/0.1.1/zip-input-stream-0.1.1.jar:/home/deeme/.cache/coursier/v1/https/repo1.maven.org/maven2/org/scala-lang/scala-library/2.13.16/scala-library-2.13.16.jar:/home/deeme/.cache/coursier/v1/https/repo1.maven.org/maven2/io/get-coursier/coursier-cache_2.13/2.1.24/coursier-cache_2.13-2.1.24.jar:/home/deeme/.cache/coursier/v1/https/repo1.maven.org/maven2/io/get-coursier/coursier-core_2.13/2.1.24/coursier-core_2.13-2.1.24.jar:/home/deeme/.cache/coursier/v1/https/repo1.maven.org/maven2/com/google/guava/guava/33.4.8-jre/guava-33.4.8-jre.jar:/home/deeme/.cache/coursier/v1/https/repo1.maven.org/maven2/net/java/dev/jna/jna/5.13.0/jna-5.13.0.jar:/home/deeme/.cache/coursier/v1/https/repo1.maven.org/maven2/net/java/dev/jna/jna-platform/5.12.1/jna-platform-5.12.1.jar:/home/deeme/.cache/coursier/v1/https/repo1.maven.org/maven2/org/scalameta/metaconfig-core_3/0.16.0/metaconfig-core_3-0.16.0.jar:/home/deeme/.cache/coursier/v1/https/repo1.maven.org/maven2/com/typesafe/config/1.4.3/config-1.4.3.jar:/home/deeme/.cache/coursier/v1/https/repo1.maven.org/maven2/org/scala-lang/modules/scala-collection-compat_3/2.13.0/scala-collection-compat_3-2.13.0.jar:/home/deeme/.cache/coursier/v1/https/repo1.maven.org/maven2/commons-io/commons-io/2.20.0/commons-io-2.20.0.jar:/home/deeme/.cache/coursier/v1/https/repo1.maven.org/maven2/com/google/cloud/tools/jib-core/0.27.3/jib-core-0.27.3.jar:/home/deeme/.cache/coursier/v1/https/repo1.maven.org/maven2/com/lihaoyi/os-lib_3/0.11.5/os-lib_3-0.11.5.jar:/home/deeme/.cache/coursier/v1/https/repo1.maven.org/maven2/org/bouncycastle/bcpg-jdk18on/1.81/bcpg-jdk18on-1.81.jar:/home/deeme/.cache/coursier/v1/https/repo1.maven.org/maven2/org/bouncycastle/bcutil-jdk18on/1.81/bcutil-jdk18on-1.81.jar:/home/deeme/.cache/coursier/v1/https/repo1.maven.org/maven2/org/virtuslab/scala-cli-signing/shared_3/0.2.11/shared_3-0.2.11.jar:/home/deeme/.cache/coursier/v1/https/repo1.maven.org/maven2/org/slf4j/slf4j-api/2.0.17/slf4j-api-2.0.17.jar:/home/deeme/.cache/coursier/v1/https/repo1.maven.org/maven2/com/softwaremill/sttp/model/core_3/1.7.11/core_3-1.7.11.jar:/home/deeme/.cache/coursier/v1/https/repo1.maven.org/maven2/com/softwaremill/sttp/shared/core_3/1.3.22/core_3-1.3.22.jar:/home/deeme/.cache/coursier/v1/https/repo1.maven.org/maven2/com/softwaremill/sttp/shared/ws_3/1.3.22/ws_3-1.3.22.jar:/home/deeme/.cache/coursier/v1/https/repo1.maven.org/maven2/io/get-coursier/interface/1.0.28/interface-1.0.28.jar:/home/deeme/.cache/coursier/v1/https/repo1.maven.org/maven2/org/ow2/asm/asm/9.8/asm-9.8.jar:/home/deeme/.cache/coursier/v1/https/repo1.maven.org/maven2/org/virtuslab/scala-cli/java-class-name/java-class-name_3/0.1.8/java-class-name_3-0.1.8.jar:/home/deeme/.cache/coursier/v1/https/repo1.maven.org/maven2/org/scalameta/semanticdb-shared_2.13/4.13.9/semanticdb-shared_2.13-4.13.9.jar:/home/deeme/.cache/coursier/v1/https/repo1.maven.org/maven2/org/scala-native/test-runner_3/0.5.8/test-runner_3-0.5.8.jar:/home/deeme/.cache/coursier/v1/https/repo1.maven.org/maven2/com/lihaoyi/pprint_3/0.9.3/pprint_3-0.9.3.jar:/home/deeme/.cache/coursier/v1/https/repo1.maven.org/maven2/org/scala-js/scalajs-env-nodejs_2.13/1.4.0/scalajs-env-nodejs_2.13-1.4.0.jar:/home/deeme/.cache/coursier/v1/https/repo1.maven.org/maven2/org/scala-js/scalajs-sbt-test-adapter_2.13/1.20.1/scalajs-sbt-test-adapter_2.13-1.20.1.jar:/home/deeme/.cache/coursier/v1/https/repo1.maven.org/maven2/com/swoval/file-tree-views/2.1.12/file-tree-views-2.1.12.jar:/home/deeme/.cache/coursier/v1/https/repo1.maven.org/maven2/org/virtuslab/scala-cli/zip-input-stream/zip-input-stream/0.1.3/zip-input-stream-0.1.3.jar:/home/deeme/.cache/coursier/v1/https/repo1.maven.org/maven2/org/virtuslab/scala-cli/options_3/1.9.1/options_3-1.9.1.jar:/home/deeme/.cache/coursier/v1/https/repo1.maven.org/maven2/org/virtuslab/scala-cli/directives_3/1.9.1/directives_3-1.9.1.jar:/home/deeme/.cache/coursier/v1/https/repo1.maven.org/maven2/org/virtuslab/scala-cli/scala-cli-bsp/1.9.1/scala-cli-bsp-1.9.1.jar:/home/deeme/.cache/coursier/v1/https/repo1.maven.org/maven2/org/virtuslab/scala-cli/test-runner_3/1.9.1/test-runner_3-1.9.1.jar:/home/deeme/.cache/coursier/v1/https/repo1.maven.org/maven2/org/virtuslab/scala-cli/tasty-lib_3/1.9.1/tasty-lib_3-1.9.1.jar:/home/deeme/.cache/coursier/v1/https/repo1.maven.org/maven2/io/github/alexarchambault/is-terminal/0.1.1/is-terminal-0.1.1.jar:/home/deeme/.cache/coursier/v1/https/repo1.maven.org/maven2/org/codehaus/plexus/plexus-archiver/4.10.0/plexus-archiver-4.10.0.jar:/home/deeme/.cache/coursier/v1/https/repo1.maven.org/maven2/org/codehaus/plexus/plexus-container-default/2.1.1/plexus-container-default-2.1.1.jar:/home/deeme/.cache/coursier/v1/https/repo1.maven.org/maven2/io/github/alexarchambault/windows-ansi/windows-ansi/0.0.6/windows-ansi-0.0.6.jar:/home/deeme/.cache/coursier/v1/https/repo1.maven.org/maven2/io/get-coursier/cache-util/2.1.24/cache-util-2.1.24.jar:/home/deeme/.cache/coursier/v1/https/repo1.maven.org/maven2/io/get-coursier/coursier-util_2.13/2.1.24/coursier-util_2.13-2.1.24.jar:/home/deeme/.cache/coursier/v1/https/repo1.maven.org/maven2/io/github/alexarchambault/concurrent-reference-hash-map/1.1.0/concurrent-reference-hash-map-1.1.0.jar:/home/deeme/.cache/coursier/v1/https/repo1.maven.org/maven2/org/scala-lang/modules/scala-xml_2.13/2.3.0/scala-xml_2.13-2.3.0.jar:/home/deeme/.cache/coursier/v1/https/repo1.maven.org/maven2/com/google/guava/failureaccess/1.0.3/failureaccess-1.0.3.jar:/home/deeme/.cache/coursier/v1/https/repo1.maven.org/maven2/com/google/guava/listenablefuture/9999.0-empty-to-avoid-conflict-with-guava/listenablefuture-9999.0-empty-to-avoid-conflict-with-guava.jar:/home/deeme/.cache/coursier/v1/https/repo1.maven.org/maven2/org/jspecify/jspecify/1.0.0/jspecify-1.0.0.jar:/home/deeme/.cache/coursier/v1/https/repo1.maven.org/maven2/com/google/errorprone/error_prone_annotations/2.36.0/error_prone_annotations-2.36.0.jar:/home/deeme/.cache/coursier/v1/https/repo1.maven.org/maven2/com/google/j2objc/j2objc-annotations/3.0.0/j2objc-annotations-3.0.0.jar:/home/deeme/.cache/coursier/v1/https/repo1.maven.org/maven2/org/scalameta/metaconfig-pprint_3/0.16.0/metaconfig-pprint_3-0.16.0.jar:/home/deeme/.cache/coursier/v1/https/repo1.maven.org/maven2/org/typelevel/paiges-core_3/0.4.4/paiges-core_3-0.4.4.jar:/home/deeme/.cache/coursier/v1/https/repo1.maven.org/maven2/org/scala-lang/scala-reflect/2.13.16/scala-reflect-2.13.16.jar:/home/deeme/.cache/coursier/v1/https/repo1.maven.org/maven2/com/google/cloud/tools/jib-build-plan/0.4.0/jib-build-plan-0.4.0.jar:/home/deeme/.cache/coursier/v1/https/repo1.maven.org/maven2/com/google/http-client/google-http-client/1.42.2/google-http-client-1.42.2.jar:/home/deeme/.cache/coursier/v1/https/repo1.maven.org/maven2/com/google/http-client/google-http-client-apache-v2/1.42.2/google-http-client-apache-v2-1.42.2.jar:/home/deeme/.cache/coursier/v1/https/repo1.maven.org/maven2/com/google/auth/google-auth-library-oauth2-http/1.10.0/google-auth-library-oauth2-http-1.10.0.jar:/home/deeme/.cache/coursier/v1/https/repo1.maven.org/maven2/org/apache/commons/commons-compress/1.26.2/commons-compress-1.26.2.jar:/home/deeme/.cache/coursier/v1/https/repo1.maven.org/maven2/com/fasterxml/jackson/core/jackson-databind/2.15.2/jackson-databind-2.15.2.jar:/home/deeme/.cache/coursier/v1/https/repo1.maven.org/maven2/com/fasterxml/jackson/datatype/jackson-datatype-jsr310/2.15.2/jackson-datatype-jsr310-2.15.2.jar:/home/deeme/.cache/coursier/v1/https/repo1.maven.org/maven2/com/lihaoyi/geny_3/1.1.1/geny_3-1.1.1.jar:/home/deeme/.cache/coursier/v1/https/repo1.maven.org/maven2/com/lihaoyi/os-zip/0.11.5/os-zip-0.11.5.jar:/home/deeme/.cache/coursier/v1/https/repo1.maven.org/maven2/org/bouncycastle/bcprov-jdk18on/1.81/bcprov-jdk18on-1.81.jar:/home/deeme/.cache/coursier/v1/https/repo1.maven.org/maven2/org/jline/jline-terminal-jni/3.25.0/jline-terminal-jni-3.25.0.jar:/home/deeme/.cache/coursier/v1/https/repo1.maven.org/maven2/org/jline/jline-native/3.25.0/jline-native-3.25.0.jar:/home/deeme/.cache/coursier/v1/https/repo1.maven.org/maven2/org/scala-lang/scala3-compiler_3/3.3.6/scala3-compiler_3-3.3.6.jar:/home/deeme/.cache/coursier/v1/https/repo1.maven.org/maven2/org/scalameta/scalameta_2.13/4.13.9/scalameta_2.13-4.13.9.jar:/home/deeme/.cache/coursier/v1/https/repo1.maven.org/maven2/org/scala-lang/scalap/2.13.13/scalap-2.13.13.jar:/home/deeme/.cache/coursier/v1/https/repo1.maven.org/maven2/com/thesamet/scalapb/scalapb-runtime_2.13/0.11.15/scalapb-runtime_2.13-0.11.15.jar:/home/deeme/.cache/coursier/v1/https/repo1.maven.org/maven2/org/scala-native/tools_3/0.5.8/tools_3-0.5.8.jar:/home/deeme/.cache/coursier/v1/https/repo1.maven.org/maven2/org/scala-sbt/test-interface/1.0/test-interface-1.0.jar:/home/deeme/.cache/coursier/v1/https/repo1.maven.org/maven2/com/github/sbt/junit-interface/0.13.3/junit-interface-0.13.3.jar:/home/deeme/.cache/coursier/v1/https/repo1.maven.org/maven2/junit/junit/4.13.2/junit-4.13.2.jar:/home/deeme/.cache/coursier/v1/https/repo1.maven.org/maven2/com/lihaoyi/fansi_3/0.5.1/fansi_3-0.5.1.jar:/home/deeme/.cache/coursier/v1/https/repo1.maven.org/maven2/org/scala-js/scalajs-js-envs_2.13/1.4.0/scalajs-js-envs_2.13-1.4.0.jar:/home/deeme/.cache/coursier/v1/https/repo1.maven.org/maven2/ch/epfl/scala/bloop-config_2.13/2.3.2/bloop-config_2.13-2.3.2.jar:/home/deeme/.cache/coursier/v1/https/repo1.maven.org/maven2/org/virtuslab/scala-cli/core_3/1.9.1/core_3-1.9.1.jar:/home/deeme/.cache/coursier/v1/https/repo1.maven.org/maven2/org/virtuslab/using_directives/1.1.4/using_directives-1.1.4.jar:/home/deeme/.cache/coursier/v1/https/repo1.maven.org/maven2/org/virtuslab/scala-cli/build-macros_3/1.9.1/build-macros_3-1.9.1.jar:/home/deeme/.cache/coursier/v1/https/repo1.maven.org/maven2/ch/epfl/scala/bsp4j/2.1.1/bsp4j-2.1.1.jar:/home/deeme/.cache/coursier/v1/https/repo1.maven.org/maven2/javax/inject/javax.inject/1/javax.inject-1.jar:/home/deeme/.cache/coursier/v1/https/repo1.maven.org/maven2/org/codehaus/plexus/plexus-utils/4.0.1/plexus-utils-4.0.1.jar:/home/deeme/.cache/coursier/v1/https/repo1.maven.org/maven2/org/codehaus/plexus/plexus-io/3.5.0/plexus-io-3.5.0.jar:/home/deeme/.cache/coursier/v1/https/repo1.maven.org/maven2/io/airlift/aircompressor/0.27/aircompressor-0.27.jar:/home/deeme/.cache/coursier/v1/https/repo1.maven.org/maven2/org/tukaani/xz/1.9/xz-1.9.jar:/home/deeme/.cache/coursier/v1/https/repo1.maven.org/maven2/com/github/luben/zstd-jni/1.5.6-3/zstd-jni-1.5.6-3.jar:/home/deeme/.cache/coursier/v1/https/repo1.maven.org/maven2/org/codehaus/plexus/plexus-classworlds/2.6.0/plexus-classworlds-2.6.0.jar:/home/deeme/.cache/coursier/v1/https/repo1.maven.org/maven2/org/apache/xbean/xbean-reflect/3.7/xbean-reflect-3.7.jar:/home/deeme/.cache/coursier/v1/https/repo1.maven.org/maven2/org/fusesource/jansi/jansi/2.4.1/jansi-2.4.1.jar:/home/deeme/.cache/coursier/v1/https/repo1.maven.org/maven2/org/apache/httpcomponents/httpclient/4.5.13/httpclient-4.5.13.jar:/home/deeme/.cache/coursier/v1/https/repo1.maven.org/maven2/org/apache/httpcomponents/httpcore/4.4.15/httpcore-4.4.15.jar:/home/deeme/.cache/coursier/v1/https/repo1.maven.org/maven2/com/google/code/findbugs/jsr305/3.0.2/jsr305-3.0.2.jar:/home/deeme/.cache/coursier/v1/https/repo1.maven.org/maven2/io/opencensus/opencensus-api/0.31.1/opencensus-api-0.31.1.jar:/home/deeme/.cache/coursier/v1/https/repo1.maven.org/maven2/io/opencensus/opencensus-contrib-http-util/0.31.1/opencensus-contrib-http-util-0.31.1.jar:/home/deeme/.cache/coursier/v1/https/repo1.maven.org/maven2/com/google/auto/value/auto-value-annotations/1.9/auto-value-annotations-1.9.jar:/home/deeme/.cache/coursier/v1/https/repo1.maven.org/maven2/com/google/auth/google-auth-library-credentials/1.10.0/google-auth-library-credentials-1.10.0.jar:/home/deeme/.cache/coursier/v1/https/repo1.maven.org/maven2/com/google/http-client/google-http-client-gson/1.42.2/google-http-client-gson-1.42.2.jar:/home/deeme/.cache/coursier/v1/https/repo1.maven.org/maven2/commons-codec/commons-codec/1.18.0/commons-codec-1.18.0.jar:/home/deeme/.cache/coursier/v1/https/repo1.maven.org/maven2/org/apache/commons/commons-lang3/3.14.0/commons-lang3-3.14.0.jar:/home/deeme/.cache/coursier/v1/https/repo1.maven.org/maven2/com/fasterxml/jackson/core/jackson-annotations/2.15.2/jackson-annotations-2.15.2.jar:/home/deeme/.cache/coursier/v1/https/repo1.maven.org/maven2/com/fasterxml/jackson/core/jackson-core/2.15.2/jackson-core-2.15.2.jar:/home/deeme/.cache/coursier/v1/https/repo1.maven.org/maven2/org/scala-lang/scala3-interfaces/3.3.6/scala3-interfaces-3.3.6.jar:/home/deeme/.cache/coursier/v1/https/repo1.maven.org/maven2/org/scala-lang/tasty-core_3/3.3.6/tasty-core_3-3.3.6.jar:/home/deeme/.cache/coursier/v1/https/repo1.maven.org/maven2/org/scala-lang/modules/scala-asm/9.8.0-scala-1/scala-asm-9.8.0-scala-1.jar:/home/deeme/.cache/coursier/v1/https/repo1.maven.org/maven2/org/scala-sbt/compiler-interface/1.10.4/compiler-interface-1.10.4.jar:/home/deeme/.cache/coursier/v1/https/repo1.maven.org/maven2/org/scalameta/parsers_2.13/4.13.9/parsers_2.13-4.13.9.jar:/home/deeme/.cache/coursier/v1/https/repo1.maven.org/maven2/org/scala-lang/scala-compiler/2.13.13/scala-compiler-2.13.13.jar:/home/deeme/.cache/coursier/v1/https/repo1.maven.org/maven2/com/thesamet/scalapb/lenses_2.13/0.11.15/lenses_2.13-0.11.15.jar:/home/deeme/.cache/coursier/v1/https/repo1.maven.org/maven2/com/google/protobuf/protobuf-java/3.19.6/protobuf-java-3.19.6.jar:/home/deeme/.cache/coursier/v1/https/repo1.maven.org/maven2/org/scala-native/nir_3/0.5.8/nir_3-0.5.8.jar:/home/deeme/.cache/coursier/v1/https/repo1.maven.org/maven2/org/scala-native/util_3/0.5.8/util_3-0.5.8.jar:/home/deeme/.cache/coursier/v1/https/repo1.maven.org/maven2/org/hamcrest/hamcrest-core/1.3/hamcrest-core-1.3.jar:/home/deeme/.cache/coursier/v1/https/repo1.maven.org/maven2/org/scala-js/scalajs-logging_2.13/1.1.1/scalajs-logging_2.13-1.1.1.jar:/home/deeme/.cache/coursier/v1/https/repo1.maven.org/maven2/com/lihaoyi/unroll-annotation_2.13/0.1.12/unroll-annotation_2.13-0.1.12.jar:/home/deeme/.cache/coursier/v1/https/repo1.maven.org/maven2/ch/epfl/scala/bloop-rifle_2.13/2.0.13/bloop-rifle_2.13-2.0.13.jar:/home/deeme/.cache/coursier/v1/https/repo1.maven.org/maven2/io/get-coursier/coursier-jvm_2.13/2.1.24/coursier-jvm_2.13-2.1.24.jar:/home/deeme/.cache/coursier/v1/https/repo1.maven.org/maven2/io/get-coursier/dependency_3/0.3.2/dependency_3-0.3.2.jar:/home/deeme/.cache/coursier/v1/https/repo1.maven.org/maven2/org/eclipse/jgit/org.eclipse.jgit/7.3.0.202506031305-r/org.eclipse.jgit-7.3.0.202506031305-r.jar:/home/deeme/.cache/coursier/v1/https/repo1.maven.org/maven2/org/scala-js/scalajs-env-jsdom-nodejs_2.13/1.1.0/scalajs-env-jsdom-nodejs_2.13-1.1.0.jar:/home/deeme/.cache/coursier/v1/https/repo1.maven.org/maven2/org/eclipse/lsp4j/org.eclipse.lsp4j.generator/0.20.1/org.eclipse.lsp4j.generator-0.20.1.jar:/home/deeme/.cache/coursier/v1/https/repo1.maven.org/maven2/org/eclipse/lsp4j/org.eclipse.lsp4j.jsonrpc/0.20.1/org.eclipse.lsp4j.jsonrpc-0.20.1.jar:/home/deeme/.cache/coursier/v1/https/repo1.maven.org/maven2/commons-logging/commons-logging/1.2/commons-logging-1.2.jar:/home/deeme/.cache/coursier/v1/https/repo1.maven.org/maven2/io/grpc/grpc-context/1.27.2/grpc-context-1.27.2.jar:/home/deeme/.cache/coursier/v1/https/repo1.maven.org/maven2/com/google/code/gson/gson/2.10.1/gson-2.10.1.jar:/home/deeme/.cache/coursier/v1/https/repo1.maven.org/maven2/org/scala-sbt/util-interface/1.10.4/util-interface-1.10.4.jar:/home/deeme/.cache/coursier/v1/https/repo1.maven.org/maven2/org/scalameta/trees_2.13/4.13.9/trees_2.13-4.13.9.jar:/home/deeme/.cache/coursier/v1/https/repo1.maven.org/maven2/io/github/java-diff-utils/java-diff-utils/4.12/java-diff-utils-4.12.jar:/home/deeme/.cache/coursier/v1/https/repo1.maven.org/maven2/ch/epfl/scala/libdaemon_2.13/0.0.12/libdaemon_2.13-0.0.12.jar:/home/deeme/.cache/coursier/v1/https/repo1.maven.org/maven2/io/github/alexarchambault/scala-cli/snailgun/snailgun-core_2.13/0.4.1-sc2/snailgun-core_2.13-0.4.1-sc2.jar:/home/deeme/.cache/coursier/v1/https/repo1.maven.org/maven2/io/get-coursier/coursier_2.13/2.1.24/coursier_2.13-2.1.24.jar:/home/deeme/.cache/coursier/v1/https/repo1.maven.org/maven2/io/get-coursier/coursier-env_2.13/2.1.24/coursier-env_2.13-2.1.24.jar:/home/deeme/.cache/coursier/v1/https/repo1.maven.org/maven2/com/googlecode/javaewah/JavaEWAH/1.2.3/JavaEWAH-1.2.3.jar:/home/deeme/.cache/coursier/v1/https/repo1.maven.org/maven2/org/eclipse/xtend/org.eclipse.xtend.lib/2.28.0/org.eclipse.xtend.lib-2.28.0.jar:/home/deeme/.cache/coursier/v1/https/repo1.maven.org/maven2/org/scalameta/common_2.13/4.13.9/common_2.13-4.13.9.jar:/home/deeme/.cache/coursier/v1/https/repo1.maven.org/maven2/org/scalameta/io_2.13/4.13.9/io_2.13-4.13.9.jar:/home/deeme/.cache/coursier/v1/https/repo1.maven.org/maven2/org/eclipse/xtext/org.eclipse.xtext.xbase.lib/2.28.0/org.eclipse.xtext.xbase.lib-2.28.0.jar:/home/deeme/.cache/coursier/v1/https/repo1.maven.org/maven2/org/eclipse/xtend/org.eclipse.xtend.lib.macro/2.28.0/org.eclipse.xtend.lib.macro-2.28.0.jar, scala.cli.ScalaCli, bsp, /home/deeme/Documents/code/Egui_calculator)[0m
2025.10.25 18:19:14 INFO  tracing is disabled for protocol BSP, to enable tracing of incoming and outgoing JSON messages create an empty file at /home/deeme/Documents/code/Egui_calculator/.metals/bsp.trace.json or /home/deeme/.cache/metals/bsp.trace.json[0m
2025.10.25 18:19:17 INFO  Scala CLI: Downloading https://repo1.maven.org/maven2/org/scala-lang/scala3-compiler_3/3.7.3/scala3-compiler_3-3.7.3.pom[0m
2025.10.25 18:19:18 INFO  Scala CLI: Downloaded https://repo1.maven.org/maven2/org/scala-lang/scala3-compiler_3/3.7.3/scala3-compiler_3-3.7.3.pom[0m
2025.10.25 18:19:18 INFO  Scala CLI: Downloading https://repo1.maven.org/maven2/org/scala-lang/tasty-core_3/3.7.3/tasty-core_3-3.7.3.pom[0m
2025.10.25 18:19:18 INFO  Scala CLI: Downloading https://repo1.maven.org/maven2/org/scala-lang/scala3-library_3/3.7.3/scala3-library_3-3.7.3.pom[0m
2025.10.25 18:19:18 INFO  Scala CLI: Downloading https://repo1.maven.org/maven2/org/scala-lang/scala3-interfaces/3.7.3/scala3-interfaces-3.7.3.pom[0m
2025.10.25 18:19:18 INFO  Scala CLI: Downloaded https://repo1.maven.org/maven2/org/scala-lang/tasty-core_3/3.7.3/tasty-core_3-3.7.3.pom[0m
2025.10.25 18:19:18 INFO  Scala CLI: Downloaded https://repo1.maven.org/maven2/org/scala-lang/scala3-library_3/3.7.3/scala3-library_3-3.7.3.pom[0m
2025.10.25 18:19:18 INFO  Scala CLI: Downloaded https://repo1.maven.org/maven2/org/scala-lang/scala3-interfaces/3.7.3/scala3-interfaces-3.7.3.pom[0m
2025.10.25 18:19:18 INFO  Scala CLI: Downloading https://repo1.maven.org/maven2/org/scala-lang/scala3-library_3/3.7.3/scala3-library_3-3.7.3.jar[0m
2025.10.25 18:19:18 INFO  Scala CLI: Downloading https://repo1.maven.org/maven2/org/scala-lang/scala3-interfaces/3.7.3/scala3-interfaces-3.7.3.jar[0m
2025.10.25 18:19:18 INFO  Scala CLI: Downloading https://repo1.maven.org/maven2/org/scala-lang/scala3-compiler_3/3.7.3/scala3-compiler_3-3.7.3.jar[0m
2025.10.25 18:19:18 INFO  Scala CLI: Downloading https://repo1.maven.org/maven2/org/scala-lang/tasty-core_3/3.7.3/tasty-core_3-3.7.3.jar[0m
2025.10.25 18:19:18 INFO  Scala CLI: Downloaded https://repo1.maven.org/maven2/org/scala-lang/scala3-interfaces/3.7.3/scala3-interfaces-3.7.3.jar[0m
2025.10.25 18:19:20 INFO  Scala CLI: Downloaded https://repo1.maven.org/maven2/org/scala-lang/tasty-core_3/3.7.3/tasty-core_3-3.7.3.jar[0m
2025.10.25 18:19:20 INFO  Scala CLI: Downloaded https://repo1.maven.org/maven2/org/scala-lang/scala3-library_3/3.7.3/scala3-library_3-3.7.3.jar[0m
2025.10.25 18:19:22 WARN  no build target for: /home/deeme/Documents/code/Egui_calculator/egui-calculator/src/scala/calculator.worksheet.sc[0m
2025.10.25 18:19:22 INFO  no build target found for /home/deeme/Documents/code/Egui_calculator/egui-calculator/src/scala/calculator/basic/BasicEvaluator.scala. Using presentation compiler with project's scala-library version: 3.3.6[0m
[31merror[39m: egui-calculator/src/scala/calculator.worksheet.sc:1:8: 
Not found: cs214
import cs214.tiny.*
       ^^^^^
[31merror[39m: egui-calculator/src/scala/calculator.worksheet.sc:1:20: 
Reference to $doc is ambiguous.
It is both defined in object MdocSession
and imported subsequently by import (<error Not found: cs214>#tiny : <error Not found: cs214>)._
import cs214.tiny.*
                   ^
[31merror[39m: 
calculator.worksheet.sc:9 (mdoc generated code) 
 Reference to $doc is ambiguous.
It is both defined in object MdocSession
and imported subsequently by import (<error Not found: cs214>#tiny : <error Not found: cs214>)._
$doc.startStatement(1, 0, 1, 20);


[31merror[39m: egui-calculator/src/scala/calculator.worksheet.sc:2:8: 
(<error Not found: cs214>#tiny.cs214.basic : <error Not found: cs214>) is not a legal path
since it is not a concrete type
import cs214.basic.*
       ^^^^^^^^^^^
[31merror[39m: egui-calculator/src/scala/calculator.worksheet.sc:2:21: 
Reference to $doc is ambiguous.
It is both defined in object MdocSession
and imported subsequently by import (<error Not found: cs214>#tiny : <error Not found: cs214>)._
import cs214.basic.*
                    ^
[31merror[39m: 
calculator.worksheet.sc:12 (mdoc generated code) 
 Reference to $doc is ambiguous.
It is both defined in object MdocSession
and imported subsequently by import (<error Not found: cs214>#tiny : <error Not found: cs214>)._
$doc.startStatement(2, 0, 2, 19);


[31merror[39m: egui-calculator/src/scala/calculator.worksheet.sc:3:8: 
(<error Not found: cs214>#tiny.cs214.full : <error Not found: cs214>) is not a legal path
since it is not a concrete type
import cs214.full.*
       ^^^^^^^^^^
[31merror[39m: egui-calculator/src/scala/calculator.worksheet.sc:3:20: 
Reference to $doc is ambiguous.
It is both defined in object MdocSession
and imported subsequently by import (<error Not found: cs214>#tiny : <error Not found: cs214>)._
import cs214.full.*
                   ^
[31merror[39m: 
calculator.worksheet.sc:15 (mdoc generated code) 
 Reference to $doc is ambiguous.
It is both defined in object MdocSession
and imported subsequently by import (<error Not found: cs214>#tiny : <error Not found: cs214>)._
$doc.startStatement(3, 0, 3, 24);


[31merror[39m: egui-calculator/src/scala/calculator.worksheet.sc:4:8: 
(<error Not found: cs214>#tiny.calculator.tinyÂ² : <error Not found: cs214>) is not a legal path
since it is not a concrete type

where:    tiny  is a value in the empty package
          tinyÂ² is a value in the empty package

import calculator.tiny.*
       ^^^^^^^^^^^^^^^
[31merror[39m: egui-calculator/src/scala/calculator.worksheet.sc:4:25: 
Reference to $doc is ambiguous.
It is both defined in object MdocSession
and imported subsequently by import (<error Not found: cs214>#tiny : <error Not found: cs214>)._
import calculator.tiny.*
                        ^
[31merror[39m: 
calculator.worksheet.sc:18 (mdoc generated code) 
 Reference to $doc is ambiguous.
It is both defined in object MdocSession
and imported subsequently by import (<error Not found: cs214>#tiny : <error Not found: cs214>)._
$doc.startStatement(4, 0, 4, 25);


[31merror[39m: egui-calculator/src/scala/calculator.worksheet.sc:5:8: 
(<error Not found: cs214>#tiny.calculator.basic : <error Not found: cs214>) is not a legal path
since it is not a concrete type
import calculator.basic.*
       ^^^^^^^^^^^^^^^^
[31merror[39m: egui-calculator/src/scala/calculator.worksheet.sc:5:26: 
Reference to $doc is ambiguous.
It is both defined in object MdocSession
and imported subsequently by import (<error Not found: cs214>#tiny : <error Not found: cs214>)._
import calculator.basic.*
                         ^
[31merror[39m: 
calculator.worksheet.sc:21 (mdoc generated code) 
 Reference to $doc is ambiguous.
It is both defined in object MdocSession
and imported subsequently by import (<error Not found: cs214>#tiny : <error Not found: cs214>)._
$doc.startStatement(5, 0, 5, 24);


[31merror[39m: egui-calculator/src/scala/calculator.worksheet.sc:6:8: 
(<error Not found: cs214>#tiny.calculator.full : <error Not found: cs214>) is not a legal path
since it is not a concrete type
import calculator.full.*
       ^^^^^^^^^^^^^^^
[31merror[39m: egui-calculator/src/scala/calculator.worksheet.sc:6:25: 
Reference to $doc is ambiguous.
It is both defined in object MdocSession
and imported subsequently by import (<error Not found: cs214>#tiny : <error Not found: cs214>)._
import calculator.full.*
                        ^
[31merror[39m: egui-calculator/src/scala/calculator.worksheet.sc:7:1: 
Reference to $doc is ambiguous.
It is both defined in object MdocSession
and imported subsequently by import (<error Not found: cs214>#tiny : <error Not found: cs214>)._

^
[31merror[39m: egui-calculator/src/scala/calculator.worksheet.sc:8:49: 
Reference to $doc is ambiguous.
It is both defined in object MdocSession
and imported subsequently by import (<error Not found: cs214>#tiny : <error Not found: cs214>)._
val e1: TinyExpr = TinyDriver.parse("2 + 3").get
                                                ^
[31merror[39m: egui-calculator/src/scala/calculator.worksheet.sc:9:1: 
Reference to $doc is ambiguous.
It is both defined in object MdocSession
and imported subsequently by import (<error Not found: cs214>#tiny : <error Not found: cs214>)._

^
[31merror[39m: egui-calculator/src/scala/calculator.worksheet.sc:10:24: 
Reference to $doc is ambiguous.
It is both defined in object MdocSession
and imported subsequently by import (<error Not found: cs214>#tiny : <error Not found: cs214>)._
// Both should be equal
                       ^
[31merror[39m: egui-calculator/src/scala/calculator.worksheet.sc:11:14: 
Reference to $doc is ambiguous.
It is both defined in object MdocSession
and imported subsequently by import (<error Not found: cs214>#tiny : <error Not found: cs214>)._
e1.toString()
             ^
[31merror[39m: 
calculator.worksheet.sc:32 (mdoc generated code) 
 Reference to $doc is ambiguous.
It is both defined in object MdocSession
and imported subsequently by import (<error Not found: cs214>#tiny : <error Not found: cs214>)._
$doc.endStatement();


[31merror[39m: 
calculator.worksheet.sc:33 (mdoc generated code) 
 Reference to $doc is ambiguous.
It is both defined in object MdocSession
and imported subsequently by import (<error Not found: cs214>#tiny : <error Not found: cs214>)._
$doc.startStatement(11, 0, 11, 20);


[31merror[39m: egui-calculator/src/scala/calculator.worksheet.sc:12:21: 
Reference to $doc is ambiguous.
It is both defined in object MdocSession
and imported subsequently by import (<error Not found: cs214>#tiny : <error Not found: cs214>)._
TinyPrinter.show(e1)
                    ^
[31merror[39m: egui-calculator/src/scala/calculator.worksheet.sc:13:1: 
Reference to $doc is ambiguous.
It is both defined in object MdocSession
and imported subsequently by import (<error Not found: cs214>#tiny : <error Not found: cs214>)._

^
[31merror[39m: 
calculator.worksheet.sc:38 (mdoc generated code) 
 Reference to $doc is ambiguous.
It is both defined in object MdocSession
and imported subsequently by import (<error Not found: cs214>#tiny : <error Not found: cs214>)._
$doc.startStatement(13, 0, 13, 24);


[31merror[39m: egui-calculator/src/scala/calculator.worksheet.sc:14:25: 
Reference to $doc is ambiguous.
It is both defined in object MdocSession
and imported subsequently by import (<error Not found: cs214>#tiny : <error Not found: cs214>)._
TinyPrinter.toPolish(e1)
                        ^
[31merror[39m: egui-calculator/src/scala/calculator.worksheet.sc:15:1: 
Reference to $doc is ambiguous.
It is both defined in object MdocSession
and imported subsequently by import (<error Not found: cs214>#tiny : <error Not found: cs214>)._

^
[31merror[39m: 
calculator.worksheet.sc:43 (mdoc generated code) 
 Reference to $doc is ambiguous.
It is both defined in object MdocSession
and imported subsequently by import (<error Not found: cs214>#tiny : <error Not found: cs214>)._
$doc.startStatement(15, 0, 15, 37);


[31merror[39m: egui-calculator/src/scala/calculator.worksheet.sc:16:38: 
Reference to $doc is ambiguous.
It is both defined in object MdocSession
and imported subsequently by import (<error Not found: cs214>#tiny : <error Not found: cs214>)._
val tinyEvaluator = new TinyEvaluator
                                     ^
[31merror[39m: 
calculator.worksheet.sc:46 (mdoc generated code) 
 Reference to $doc is ambiguous.
It is both defined in object MdocSession
and imported subsequently by import (<error Not found: cs214>#tiny : <error Not found: cs214>)._
$doc.endStatement();


[31merror[39m: 
calculator.worksheet.sc:47 (mdoc generated code) 
 Reference to $doc is ambiguous.
It is both defined in object MdocSession
and imported subsequently by import (<error Not found: cs214>#tiny : <error Not found: cs214>)._
$doc.startStatement(16, 0, 16, 26);


[31merror[39m: egui-calculator/src/scala/calculator.worksheet.sc:17:27: 
Reference to $doc is ambiguous.
It is both defined in object MdocSession
and imported subsequently by import (<error Not found: cs214>#tiny : <error Not found: cs214>)._
tinyEvaluator.evaluate(e1)
                          ^
[31merror[39m: egui-calculator/src/scala/calculator.worksheet.sc:18:1: 
Reference to $doc is ambiguous.
It is both defined in object MdocSession
and imported subsequently by import (<error Not found: cs214>#tiny : <error Not found: cs214>)._

^
[31merror[39m: 
calculator.worksheet.sc:52 (mdoc generated code) 
 Reference to $doc is ambiguous.
It is both defined in object MdocSession
and imported subsequently by import (<error Not found: cs214>#tiny : <error Not found: cs214>)._
$doc.startStatement(18, 0, 18, 83);


[31merror[39m: egui-calculator/src/scala/calculator.worksheet.sc:19:84: 
Reference to $doc is ambiguous.
It is both defined in object MdocSession
and imported subsequently by import (<error Not found: cs214>#tiny : <error Not found: cs214>)._
val e2: FullExpr = FullDriver(FullEvaluator.Context.empty).parse("y - y - 0.0").get
                                                                                   ^
[31merror[39m: egui-calculator/src/scala/calculator.worksheet.sc:20:58: 
Reference to $doc is ambiguous.
It is both defined in object MdocSession
and imported subsequently by import (<error Not found: cs214>#tiny : <error Not found: cs214>)._
// Try out some manual test cases here to debug your code
                                                         ^
[31merror[39m: 
calculator.worksheet.sc:56 (mdoc generated code) 
 Reference to $doc is ambiguous.
It is both defined in object MdocSession
and imported subsequently by import (<error Not found: cs214>#tiny : <error Not found: cs214>)._
$doc.endSection();


2025.10.25 18:19:25 INFO  time: evaluated worksheet 'calculator.worksheet.sc' in 2.41s[0m
oct. 25, 2025 6:19:25 PM org.eclipse.lsp4j.jsonrpc.RemoteEndpoint handleCancellation
AVERTISSEMENT: Unmatched cancel notification for request id 12
2025.10.25 18:19:25 INFO  no build target found for /home/deeme/Documents/code/Egui_calculator/egui-calculator/src/scala/calculator/basic/BasicEvaluator.scala. Using presentation compiler with project's scala-library version: 3.3.6[0m
2025.10.25 18:19:26 INFO  Scala CLI: Still downloading:[0m
2025.10.25 18:19:26 INFO  Scala CLI: https://repo1.maven.org/maven2/org/scala-lang/scala3-compiler_3/3.7.3/scala3-compiler_3-3.7.3.jar (34,43 %, 8014912 / 23277183)[0m
2025.10.25 18:19:26 INFO  Scala CLI: [0m
2025.10.25 18:19:32 INFO  Scala CLI: Still downloading:[0m
2025.10.25 18:19:32 INFO  Scala CLI: https://repo1.maven.org/maven2/org/scala-lang/scala3-compiler_3/3.7.3/scala3-compiler_3-3.7.3.jar (68,13 %, 15857792 / 23277183)[0m
2025.10.25 18:19:32 INFO  Scala CLI: [0m
2025.10.25 18:19:32 WARN  no build target for: /home/deeme/Documents/code/Egui_calculator/egui-calculator/src/scala/calculator/basic/BasicEvaluator.scala[0m
2025.10.25 18:19:32 WARN  no build target for: /home/deeme/Documents/code/Egui_calculator/egui-calculator/src/scala/calculator.worksheet.sc[0m
2025.10.25 18:19:32 INFO  no build target found for /home/deeme/Documents/code/Egui_calculator/egui-calculator/src/scala/calculator.worksheet.sc. Using presentation compiler with project's scala-library version: 3.3.6[0m
[31merror[39m: egui-calculator/src/scala/calculator.worksheet.sc:1:8: 
Not found: cs214
import cs214.tiny.*
       ^^^^^
[31merror[39m: egui-calculator/src/scala/calculator.worksheet.sc:1:20: 
Reference to $doc is ambiguous.
It is both defined in object MdocSession
and imported subsequently by import (<error Not found: cs214>#tiny : <error Not found: cs214>)._
import cs214.tiny.*
                   ^
[31merror[39m: 
calculator.worksheet.sc:9 (mdoc generated code) 
 Reference to $doc is ambiguous.
It is both defined in object MdocSession
and imported subsequently by import (<error Not found: cs214>#tiny : <error Not found: cs214>)._
$doc.startStatement(1, 0, 1, 20);


[31merror[39m: egui-calculator/src/scala/calculator.worksheet.sc:2:8: 
(<error Not found: cs214>#tiny.cs214.basic : <error Not found: cs214>) is not a legal path
since it is not a concrete type
import cs214.basic.*
       ^^^^^^^^^^^
[31merror[39m: egui-calculator/src/scala/calculator.worksheet.sc:2:21: 
Reference to $doc is ambiguous.
It is both defined in object MdocSession
and imported subsequently by import (<error Not found: cs214>#tiny : <error Not found: cs214>)._
import cs214.basic.*
                    ^
[31merror[39m: 
calculator.worksheet.sc:12 (mdoc generated code) 
 Reference to $doc is ambiguous.
It is both defined in object MdocSession
and imported subsequently by import (<error Not found: cs214>#tiny : <error Not found: cs214>)._
$doc.startStatement(2, 0, 2, 19);


[31merror[39m: egui-calculator/src/scala/calculator.worksheet.sc:3:8: 
(<error Not found: cs214>#tiny.cs214.full : <error Not found: cs214>) is not a legal path
since it is not a concrete type
import cs214.full.*
       ^^^^^^^^^^
[31merror[39m: egui-calculator/src/scala/calculator.worksheet.sc:3:20: 
Reference to $doc is ambiguous.
It is both defined in object MdocSession
and imported subsequently by import (<error Not found: cs214>#tiny : <error Not found: cs214>)._
import cs214.full.*
                   ^
[31merror[39m: 
calculator.worksheet.sc:15 (mdoc generated code) 
 Reference to $doc is ambiguous.
It is both defined in object MdocSession
and imported subsequently by import (<error Not found: cs214>#tiny : <error Not found: cs214>)._
$doc.startStatement(3, 0, 3, 24);


[31merror[39m: egui-calculator/src/scala/calculator.worksheet.sc:4:8: 
(<error Not found: cs214>#tiny.calculator.tinyÂ² : <error Not found: cs214>) is not a legal path
since it is not a concrete type

where:    tiny  is a value in the empty package
          tinyÂ² is a value in the empty package

import calculator.tiny.*
       ^^^^^^^^^^^^^^^
[31merror[39m: egui-calculator/src/scala/calculator.worksheet.sc:4:25: 
Reference to $doc is ambiguous.
It is both defined in object MdocSession
and imported subsequently by import (<error Not found: cs214>#tiny : <error Not found: cs214>)._
import calculator.tiny.*
                        ^
[31merror[39m: 
calculator.worksheet.sc:18 (mdoc generated code) 
 Reference to $doc is ambiguous.
It is both defined in object MdocSession
and imported subsequently by import (<error Not found: cs214>#tiny : <error Not found: cs214>)._
$doc.startStatement(4, 0, 4, 25);


[31merror[39m: egui-calculator/src/scala/calculator.worksheet.sc:5:8: 
(<error Not found: cs214>#tiny.calculator.basic : <error Not found: cs214>) is not a legal path
since it is not a concrete type
import calculator.basic.*
       ^^^^^^^^^^^^^^^^
[31merror[39m: egui-calculator/src/scala/calculator.worksheet.sc:5:26: 
Reference to $doc is ambiguous.
It is both defined in object MdocSession
and imported subsequently by import (<error Not found: cs214>#tiny : <error Not found: cs214>)._
import calculator.basic.*
                         ^
[31merror[39m: 
calculator.worksheet.sc:21 (mdoc generated code) 
 Reference to $doc is ambiguous.
It is both defined in object MdocSession
and imported subsequently by import (<error Not found: cs214>#tiny : <error Not found: cs214>)._
$doc.startStatement(5, 0, 5, 24);


[31merror[39m: egui-calculator/src/scala/calculator.worksheet.sc:6:8: 
(<error Not found: cs214>#tiny.calculator.full : <error Not found: cs214>) is not a legal path
since it is not a concrete type
import calculator.full.*
       ^^^^^^^^^^^^^^^
[31merror[39m: egui-calculator/src/scala/calculator.worksheet.sc:6:25: 
Reference to $doc is ambiguous.
It is both defined in object MdocSession
and imported subsequently by import (<error Not found: cs214>#tiny : <error Not found: cs214>)._
import calculator.full.*
                        ^
[31merror[39m: egui-calculator/src/scala/calculator.worksheet.sc:7:1: 
Reference to $doc is ambiguous.
It is both defined in object MdocSession
and imported subsequently by import (<error Not found: cs214>#tiny : <error Not found: cs214>)._

^
[31merror[39m: egui-calculator/src/scala/calculator.worksheet.sc:8:49: 
Reference to $doc is ambiguous.
It is both defined in object MdocSession
and imported subsequently by import (<error Not found: cs214>#tiny : <error Not found: cs214>)._
val e1: TinyExpr = TinyDriver.parse("2 + 3").get
                                                ^
[31merror[39m: egui-calculator/src/scala/calculator.worksheet.sc:9:1: 
Reference to $doc is ambiguous.
It is both defined in object MdocSession
and imported subsequently by import (<error Not found: cs214>#tiny : <error Not found: cs214>)._

^
[31merror[39m: egui-calculator/src/scala/calculator.worksheet.sc:10:24: 
Reference to $doc is ambiguous.
It is both defined in object MdocSession
and imported subsequently by import (<error Not found: cs214>#tiny : <error Not found: cs214>)._
// Both should be equal
                       ^
[31merror[39m: egui-calculator/src/scala/calculator.worksheet.sc:11:14: 
Reference to $doc is ambiguous.
It is both defined in object MdocSession
and imported subsequently by import (<error Not found: cs214>#tiny : <error Not found: cs214>)._
e1.toString()
             ^
[31merror[39m: 
calculator.worksheet.sc:32 (mdoc generated code) 
 Reference to $doc is ambiguous.
It is both defined in object MdocSession
and imported subsequently by import (<error Not found: cs214>#tiny : <error Not found: cs214>)._
$doc.endStatement();


[31merror[39m: 
calculator.worksheet.sc:33 (mdoc generated code) 
 Reference to $doc is ambiguous.
It is both defined in object MdocSession
and imported subsequently by import (<error Not found: cs214>#tiny : <error Not found: cs214>)._
$doc.startStatement(11, 0, 11, 20);


[31merror[39m: egui-calculator/src/scala/calculator.worksheet.sc:12:21: 
Reference to $doc is ambiguous.
It is both defined in object MdocSession
and imported subsequently by import (<error Not found: cs214>#tiny : <error Not found: cs214>)._
TinyPrinter.show(e1)
                    ^
[31merror[39m: egui-calculator/src/scala/calculator.worksheet.sc:13:1: 
Reference to $doc is ambiguous.
It is both defined in object MdocSession
and imported subsequently by import (<error Not found: cs214>#tiny : <error Not found: cs214>)._

^
[31merror[39m: 
calculator.worksheet.sc:38 (mdoc generated code) 
 Reference to $doc is ambiguous.
It is both defined in object MdocSession
and imported subsequently by import (<error Not found: cs214>#tiny : <error Not found: cs214>)._
$doc.startStatement(13, 0, 13, 24);


[31merror[39m: egui-calculator/src/scala/calculator.worksheet.sc:14:25: 
Reference to $doc is ambiguous.
It is both defined in object MdocSession
and imported subsequently by import (<error Not found: cs214>#tiny : <error Not found: cs214>)._
TinyPrinter.toPolish(e1)
                        ^
[31merror[39m: egui-calculator/src/scala/calculator.worksheet.sc:15:1: 
Reference to $doc is ambiguous.
It is both defined in object MdocSession
and imported subsequently by import (<error Not found: cs214>#tiny : <error Not found: cs214>)._

^
[31merror[39m: 
calculator.worksheet.sc:43 (mdoc generated code) 
 Reference to $doc is ambiguous.
It is both defined in object MdocSession
and imported subsequently by import (<error Not found: cs214>#tiny : <error Not found: cs214>)._
$doc.startStatement(15, 0, 15, 37);


[31merror[39m: egui-calculator/src/scala/calculator.worksheet.sc:16:38: 
Reference to $doc is ambiguous.
It is both defined in object MdocSession
and imported subsequently by import (<error Not found: cs214>#tiny : <error Not found: cs214>)._
val tinyEvaluator = new TinyEvaluator
                                     ^
[31merror[39m: 
calculator.worksheet.sc:46 (mdoc generated code) 
 Reference to $doc is ambiguous.
It is both defined in object MdocSession
and imported subsequently by import (<error Not found: cs214>#tiny : <error Not found: cs214>)._
$doc.endStatement();


[31merror[39m: 
calculator.worksheet.sc:47 (mdoc generated code) 
 Reference to $doc is ambiguous.
It is both defined in object MdocSession
and imported subsequently by import (<error Not found: cs214>#tiny : <error Not found: cs214>)._
$doc.startStatement(16, 0, 16, 26);


[31merror[39m: egui-calculator/src/scala/calculator.worksheet.sc:17:27: 
Reference to $doc is ambiguous.
It is both defined in object MdocSession
and imported subsequently by import (<error Not found: cs214>#tiny : <error Not found: cs214>)._
tinyEvaluator.evaluate(e1)
                          ^
[31merror[39m: egui-calculator/src/scala/calculator.worksheet.sc:18:1: 
Reference to $doc is ambiguous.
It is both defined in object MdocSession
and imported subsequently by import (<error Not found: cs214>#tiny : <error Not found: cs214>)._

^
[31merror[39m: 
calculator.worksheet.sc:52 (mdoc generated code) 
 Reference to $doc is ambiguous.
It is both defined in object MdocSession
and imported subsequently by import (<error Not found: cs214>#tiny : <error Not found: cs214>)._
$doc.startStatement(18, 0, 18, 83);


[31merror[39m: egui-calculator/src/scala/calculator.worksheet.sc:19:84: 
Reference to $doc is ambiguous.
It is both defined in object MdocSession
and imported subsequently by import (<error Not found: cs214>#tiny : <error Not found: cs214>)._
val e2: FullExpr = FullDriver(FullEvaluator.Context.empty).parse("y - y - 0.0").get
                                                                                   ^
[31merror[39m: egui-calculator/src/scala/calculator.worksheet.sc:20:58: 
Reference to $doc is ambiguous.
It is both defined in object MdocSession
and imported subsequently by import (<error Not found: cs214>#tiny : <error Not found: cs214>)._
// Try out some manual test cases here to debug your code
                                                         ^
[31merror[39m: 
calculator.worksheet.sc:56 (mdoc generated code) 
 Reference to $doc is ambiguous.
It is both defined in object MdocSession
and imported subsequently by import (<error Not found: cs214>#tiny : <error Not found: cs214>)._
$doc.endSection();


2025.10.25 18:19:32 INFO  time: evaluated worksheet 'calculator.worksheet.sc' in 0.34s[0m
2025.10.25 18:19:32 INFO  no build target found for /home/deeme/Documents/code/Egui_calculator/egui-calculator/src/scala/calculator.worksheet.sc. Using presentation compiler with project's scala-library version: 3.3.6[0m
Exception in thread "pool-20-thread-1" java.lang.InterruptedException
	at scala.meta.internal.metals.FutureCancelToken.checkCanceled(FutureCancelToken.scala:29)
	at scala.meta.internal.pc.CompilerAccess.onCompilerJobQueue$$anonfun$1(CompilerAccess.scala:244)
	at scala.meta.internal.pc.CompilerJobQueue$Job.run(CompilerJobQueue.scala:153)
	at java.base/java.util.concurrent.ThreadPoolExecutor.runWorker(ThreadPoolExecutor.java:1136)
	at java.base/java.util.concurrent.ThreadPoolExecutor$Worker.run(ThreadPoolExecutor.java:635)
	at java.base/java.lang.Thread.run(Thread.java:840)
2025.10.25 18:19:37 INFO  Scala CLI: Downloaded https://repo1.maven.org/maven2/org/scala-lang/scala3-compiler_3/3.7.3/scala3-compiler_3-3.7.3.jar[0m
2025.10.25 18:19:37 INFO  Scala CLI: Downloading https://repo.scala-lang.org/artifactory/maven-nightlies/org/scala-lang/scala3-sbt-bridge/3.7.3/scala3-sbt-bridge-3.7.3.pom[0m
2025.10.25 18:19:37 INFO  Scala CLI: Downloaded https://repo.scala-lang.org/artifactory/maven-nightlies/org/scala-lang/scala3-sbt-bridge/3.7.3/scala3-sbt-bridge-3.7.3.pom[0m
2025.10.25 18:19:37 INFO  Scala CLI: Downloading https://repo.scala-lang.org/artifactory/maven-nightlies/org/scala-lang/scala3-sbt-bridge/3.7.3/scala3-sbt-bridge-3.7.3.jar[0m
2025.10.25 18:19:37 INFO  Scala CLI: Downloaded https://repo.scala-lang.org/artifactory/maven-nightlies/org/scala-lang/scala3-sbt-bridge/3.7.3/scala3-sbt-bridge-3.7.3.jar[0m
2025.10.25 18:19:37 INFO  Scala CLI: Downloading https://repo.scala-lang.org/artifactory/maven-nightlies/org/scala-lang/scala3-sbt-bridge/3.7.3/scala3-sbt-bridge-3.7.3.jar.sha1[0m
2025.10.25 18:19:38 INFO  Scala CLI: Downloaded https://repo.scala-lang.org/artifactory/maven-nightlies/org/scala-lang/scala3-sbt-bridge/3.7.3/scala3-sbt-bridge-3.7.3.jar.sha1[0m
2025.10.25 18:19:38 INFO  Scala CLI: Downloading https://repo1.maven.org/maven2/org/scala-lang/scala3-library_3/3.7.3/scala3-library_3-3.7.3-sources.jar[0m
2025.10.25 18:19:38 INFO  Scala CLI: Downloaded https://repo1.maven.org/maven2/org/scala-lang/scala3-library_3/3.7.3/scala3-library_3-3.7.3-sources.jar[0m
2025.10.25 18:19:38 WARN  no build target for: /home/deeme/Documents/code/Egui_calculator/egui-calculator/src/scala/calculator.worksheet.sc[0m
2025.10.25 18:19:38 INFO  Scala CLI: Downloading https://repo1.maven.org/maven2/com/sourcegraph/semanticdb-javac/0.10.0/semanticdb-javac-0.10.0.pom[0m
2025.10.25 18:19:38 INFO  Scala CLI: Downloaded https://repo1.maven.org/maven2/com/sourcegraph/semanticdb-javac/0.10.0/semanticdb-javac-0.10.0.pom[0m
2025.10.25 18:19:38 INFO  Scala CLI: Downloading https://repo1.maven.org/maven2/com/sourcegraph/semanticdb-javac/0.10.0/semanticdb-javac-0.10.0.jar[0m
[31merror[39m: egui-calculator/src/scala/calculator.worksheet.sc:1:8: 
Not found: cs214
import cs214.tiny.*
       ^^^^^
[31merror[39m: egui-calculator/src/scala/calculator.worksheet.sc:1:20: 
Reference to $doc is ambiguous.
It is both defined in object MdocSession
and imported subsequently by import (<error Not found: cs214>#tiny : <error Not found: cs214>)._
import cs214.tiny.*
                   ^
[31merror[39m: 
calculator.worksheet.sc:9 (mdoc generated code) 
 Reference to $doc is ambiguous.
It is both defined in object MdocSession
and imported subsequently by import (<error Not found: cs214>#tiny : <error Not found: cs214>)._
$doc.startStatement(1, 0, 1, 20);


[31merror[39m: egui-calculator/src/scala/calculator.worksheet.sc:2:8: 
(<error Not found: cs214>#tiny.cs214.basic : <error Not found: cs214>) is not a legal path
since it is not a concrete type
import cs214.basic.*
       ^^^^^^^^^^^
[31merror[39m: egui-calculator/src/scala/calculator.worksheet.sc:2:21: 
Reference to $doc is ambiguous.
It is both defined in object MdocSession
and imported subsequently by import (<error Not found: cs214>#tiny : <error Not found: cs214>)._
import cs214.basic.*
                    ^
[31merror[39m: 
calculator.worksheet.sc:12 (mdoc generated code) 
 Reference to $doc is ambiguous.
It is both defined in object MdocSession
and imported subsequently by import (<error Not found: cs214>#tiny : <error Not found: cs214>)._
$doc.startStatement(2, 0, 2, 19);


[31merror[39m: egui-calculator/src/scala/calculator.worksheet.sc:3:8: 
(<error Not found: cs214>#tiny.cs214.full : <error Not found: cs214>) is not a legal path
since it is not a concrete type
import cs214.full.*
       ^^^^^^^^^^
[31merror[39m: egui-calculator/src/scala/calculator.worksheet.sc:3:20: 
Reference to $doc is ambiguous.
It is both defined in object MdocSession
and imported subsequently by import (<error Not found: cs214>#tiny : <error Not found: cs214>)._
import cs214.full.*
                   ^
[31merror[39m: 
calculator.worksheet.sc:15 (mdoc generated code) 
 Reference to $doc is ambiguous.
It is both defined in object MdocSession
and imported subsequently by import (<error Not found: cs214>#tiny : <error Not found: cs214>)._
$doc.startStatement(3, 0, 3, 24);


[31merror[39m: egui-calculator/src/scala/calculator.worksheet.sc:4:8: 
(<error Not found: cs214>#tiny.calculator.tinyÂ² : <error Not found: cs214>) is not a legal path
since it is not a concrete type

where:    tiny  is a value in the empty package
          tinyÂ² is a value in the empty package

import calculator.tiny.*
       ^^^^^^^^^^^^^^^
[31merror[39m: egui-calculator/src/scala/calculator.worksheet.sc:4:25: 
Reference to $doc is ambiguous.
It is both defined in object MdocSession
and imported subsequently by import (<error Not found: cs214>#tiny : <error Not found: cs214>)._
import calculator.tiny.*
                        ^
[31merror[39m: 
calculator.worksheet.sc:18 (mdoc generated code) 
 Reference to $doc is ambiguous.
It is both defined in object MdocSession
and imported subsequently by import (<error Not found: cs214>#tiny : <error Not found: cs214>)._
$doc.startStatement(4, 0, 4, 25);


[31merror[39m: egui-calculator/src/scala/calculator.worksheet.sc:5:8: 
(<error Not found: cs214>#tiny.calculator.basic : <error Not found: cs214>) is not a legal path
since it is not a concrete type
import calculator.basic.*
       ^^^^^^^^^^^^^^^^
[31merror[39m: egui-calculator/src/scala/calculator.worksheet.sc:5:26: 
Reference to $doc is ambiguous.
It is both defined in object MdocSession
and imported subsequently by import (<error Not found: cs214>#tiny : <error Not found: cs214>)._
import calculator.basic.*
                         ^
[31merror[39m: 
calculator.worksheet.sc:21 (mdoc generated code) 
 Reference to $doc is ambiguous.
It is both defined in object MdocSession
and imported subsequently by import (<error Not found: cs214>#tiny : <error Not found: cs214>)._
$doc.startStatement(5, 0, 5, 24);


[31merror[39m: egui-calculator/src/scala/calculator.worksheet.sc:6:8: 
(<error Not found: cs214>#tiny.calculator.full : <error Not found: cs214>) is not a legal path
since it is not a concrete type
import calculator.full.*
       ^^^^^^^^^^^^^^^
[31merror[39m: egui-calculator/src/scala/calculator.worksheet.sc:6:25: 
Reference to $doc is ambiguous.
It is both defined in object MdocSession
and imported subsequently by import (<error Not found: cs214>#tiny : <error Not found: cs214>)._
import calculator.full.*
                        ^
2025.10.25 18:19:38 INFO  Scala CLI: Error: java.lang.Exception: Uninitialized TermDisplay[0m
2025.10.25 18:19:38 INFO  Scala CLI: For more details, please see '/home/deeme/Documents/code/Egui_calculator/.scala-build/stacktraces/1761409179-17117564760537107542.log'[0m
[31merror[39m: egui-calculator/src/scala/calculator.worksheet.sc:7:1: 
Reference to $doc is ambiguous.
It is both defined in object MdocSession
and imported subsequently by import (<error Not found: cs214>#tiny : <error Not found: cs214>)._

^
[31merror[39m: egui-calculator/src/scala/calculator.worksheet.sc:8:49: 
Reference to $doc is ambiguous.
It is both defined in object MdocSession
and imported subsequently by import (<error Not found: cs214>#tiny : <error Not found: cs214>)._
val e1: TinyExpr = TinyDriver.parse("2 + 3").get
                                                ^
[31merror[39m: egui-calculator/src/scala/calculator.worksheet.sc:9:1: 
Reference to $doc is ambiguous.
It is both defined in object MdocSession
and imported subsequently by import (<error Not found: cs214>#tiny : <error Not found: cs214>)._

^
[31merror[39m: egui-calculator/src/scala/calculator.worksheet.sc:10:24: 
Reference to $doc is ambiguous.
It is both defined in object MdocSession
and imported subsequently by import (<error Not found: cs214>#tiny : <error Not found: cs214>)._
// Both should be equal
                       ^
[31merror[39m: egui-calculator/src/scala/calculator.worksheet.sc:11:14: 
Reference to $doc is ambiguous.
It is both defined in object MdocSession
and imported subsequently by import (<error Not found: cs214>#tiny : <error Not found: cs214>)._
e1.toString()
             ^
[31merror[39m: 
calculator.worksheet.sc:32 (mdoc generated code) 
 Reference to $doc is ambiguous.
It is both defined in object MdocSession
and imported subsequently by import (<error Not found: cs214>#tiny : <error Not found: cs214>)._
$doc.endStatement();


[31merror[39m: 
calculator.worksheet.sc:33 (mdoc generated code) 
 Reference to $doc is ambiguous.
It is both defined in object MdocSession
and imported subsequently by import (<error Not found: cs214>#tiny : <error Not found: cs214>)._
$doc.startStatement(11, 0, 11, 20);


[31merror[39m: egui-calculator/src/scala/calculator.worksheet.sc:12:21: 
Reference to $doc is ambiguous.
It is both defined in object MdocSession
and imported subsequently by import (<error Not found: cs214>#tiny : <error Not found: cs214>)._
TinyPrinter.show(e1)
                    ^
[31merror[39m: egui-calculator/src/scala/calculator.worksheet.sc:13:1: 
Reference to $doc is ambiguous.
It is both defined in object MdocSession
and imported subsequently by import (<error Not found: cs214>#tiny : <error Not found: cs214>)._

^
[31merror[39m: 
calculator.worksheet.sc:38 (mdoc generated code) 
 Reference to $doc is ambiguous.
It is both defined in object MdocSession
and imported subsequently by import (<error Not found: cs214>#tiny : <error Not found: cs214>)._
$doc.startStatement(13, 0, 13, 24);


[31merror[39m: egui-calculator/src/scala/calculator.worksheet.sc:14:25: 
Reference to $doc is ambiguous.
It is both defined in object MdocSession
and imported subsequently by import (<error Not found: cs214>#tiny : <error Not found: cs214>)._
TinyPrinter.toPolish(e1)
                        ^
[31merror[39m: egui-calculator/src/scala/calculator.worksheet.sc:15:1: 
Reference to $doc is ambiguous.
It is both defined in object MdocSession
and imported subsequently by import (<error Not found: cs214>#tiny : <error Not found: cs214>)._

^
[31merror[39m: 
calculator.worksheet.sc:43 (mdoc generated code) 
 Reference to $doc is ambiguous.
It is both defined in object MdocSession
and imported subsequently by import (<error Not found: cs214>#tiny : <error Not found: cs214>)._
$doc.startStatement(15, 0, 15, 37);


[31merror[39m: egui-calculator/src/scala/calculator.worksheet.sc:16:38: 
Reference to $doc is ambiguous.
It is both defined in object MdocSession
and imported subsequently by import (<error Not found: cs214>#tiny : <error Not found: cs214>)._
val tinyEvaluator = new TinyEvaluator
                                     ^
[31merror[39m: 
calculator.worksheet.sc:46 (mdoc generated code) 
 Reference to $doc is ambiguous.
It is both defined in object MdocSession
and imported subsequently by import (<error Not found: cs214>#tiny : <error Not found: cs214>)._
$doc.endStatement();


[31merror[39m: 
calculator.worksheet.sc:47 (mdoc generated code) 
 Reference to $doc is ambiguous.
It is both defined in object MdocSession
and imported subsequently by import (<error Not found: cs214>#tiny : <error Not found: cs214>)._
$doc.startStatement(16, 0, 16, 26);


[31merror[39m: egui-calculator/src/scala/calculator.worksheet.sc:17:27: 
Reference to $doc is ambiguous.
It is both defined in object MdocSession
and imported subsequently by import (<error Not found: cs214>#tiny : <error Not found: cs214>)._
tinyEvaluator.evaluate(e1)
                          ^
[31merror[39m: egui-calculator/src/scala/calculator.worksheet.sc:18:1: 
Reference to $doc is ambiguous.
It is both defined in object MdocSession
and imported subsequently by import (<error Not found: cs214>#tiny : <error Not found: cs214>)._

^
[31merror[39m: 
calculator.worksheet.sc:52 (mdoc generated code) 
 Reference to $doc is ambiguous.
It is both defined in object MdocSession
and imported subsequently by import (<error Not found: cs214>#tiny : <error Not found: cs214>)._
$doc.startStatement(18, 0, 18, 83);


[31merror[39m: egui-calculator/src/scala/calculator.worksheet.sc:19:84: 
Reference to $doc is ambiguous.
It is both defined in object MdocSession
and imported subsequently by import (<error Not found: cs214>#tiny : <error Not found: cs214>)._
val e2: FullExpr = FullDriver(FullEvaluator.Context.empty).parse("y - y - 0.0").get
                                                                                   ^
[31merror[39m: egui-calculator/src/scala/calculator.worksheet.sc:20:58: 
Reference to $doc is ambiguous.
It is both defined in object MdocSession
and imported subsequently by import (<error Not found: cs214>#tiny : <error Not found: cs214>)._
// Try out some manual test cases here to debug your code
                                                         ^
[31merror[39m: 
calculator.worksheet.sc:56 (mdoc generated code) 
 Reference to $doc is ambiguous.
It is both defined in object MdocSession
and imported subsequently by import (<error Not found: cs214>#tiny : <error Not found: cs214>)._
$doc.endSection();


2025.10.25 18:19:39 INFO  time: evaluated worksheet 'calculator.worksheet.sc' in 0.48s[0m
2025.10.25 18:19:42 WARN  no build target for: /home/deeme/Documents/code/Egui_calculator/egui-calculator/src/scala/calculator.worksheet.sc[0m
2025.10.25 18:19:42 WARN  no build target for: /home/deeme/Documents/code/Egui_calculator/egui-calculator/src/scala/calculator/basic/BasicEvaluator.scala[0m
2025.10.25 18:19:42 INFO  no build target found for /home/deeme/Documents/code/Egui_calculator/egui-calculator/src/scala/calculator/basic/BasicEvaluator.scala. Using presentation compiler with project's scala-library version: 3.3.6[0m
2025.10.25 18:19:42 INFO  no build target found for /home/deeme/Documents/code/Egui_calculator/egui-calculator/src/scala/calculator/basic/BasicEvaluator.scala. Using presentation compiler with project's scala-library version: 3.3.6[0m
[31merror[39m: egui-calculator/src/scala/calculator.worksheet.sc:1:8: 
Not found: cs214
import cs214.tiny.*
       ^^^^^
[31merror[39m: egui-calculator/src/scala/calculator.worksheet.sc:1:20: 
Reference to $doc is ambiguous.
It is both defined in object MdocSession
and imported subsequently by import (<error Not found: cs214>#tiny : <error Not found: cs214>)._
import cs214.tiny.*
                   ^
[31merror[39m: 
calculator.worksheet.sc:9 (mdoc generated code) 
 Reference to $doc is ambiguous.
It is both defined in object MdocSession
and imported subsequently by import (<error Not found: cs214>#tiny : <error Not found: cs214>)._
$doc.startStatement(1, 0, 1, 20);


[31merror[39m: egui-calculator/src/scala/calculator.worksheet.sc:2:8: 
(<error Not found: cs214>#tiny.cs214.basic : <error Not found: cs214>) is not a legal path
since it is not a concrete type
import cs214.basic.*
       ^^^^^^^^^^^
[31merror[39m: egui-calculator/src/scala/calculator.worksheet.sc:2:21: 
Reference to $doc is ambiguous.
It is both defined in object MdocSession
and imported subsequently by import (<error Not found: cs214>#tiny : <error Not found: cs214>)._
import cs214.basic.*
                    ^
[31merror[39m: 
calculator.worksheet.sc:12 (mdoc generated code) 
 Reference to $doc is ambiguous.
It is both defined in object MdocSession
and imported subsequently by import (<error Not found: cs214>#tiny : <error Not found: cs214>)._
$doc.startStatement(2, 0, 2, 19);


[31merror[39m: egui-calculator/src/scala/calculator.worksheet.sc:3:8: 
(<error Not found: cs214>#tiny.cs214.full : <error Not found: cs214>) is not a legal path
since it is not a concrete type
import cs214.full.*
       ^^^^^^^^^^
[31merror[39m: egui-calculator/src/scala/calculator.worksheet.sc:3:20: 
Reference to $doc is ambiguous.
It is both defined in object MdocSession
and imported subsequently by import (<error Not found: cs214>#tiny : <error Not found: cs214>)._
import cs214.full.*
                   ^
[31merror[39m: 
calculator.worksheet.sc:15 (mdoc generated code) 
 Reference to $doc is ambiguous.
It is both defined in object MdocSession
and imported subsequently by import (<error Not found: cs214>#tiny : <error Not found: cs214>)._
$doc.startStatement(3, 0, 3, 24);


[31merror[39m: egui-calculator/src/scala/calculator.worksheet.sc:4:8: 
(<error Not found: cs214>#tiny.calculator.tinyÂ² : <error Not found: cs214>) is not a legal path
since it is not a concrete type

where:    tiny  is a value in the empty package
          tinyÂ² is a value in the empty package

import calculator.tiny.*
       ^^^^^^^^^^^^^^^
[31merror[39m: egui-calculator/src/scala/calculator.worksheet.sc:4:25: 
Reference to $doc is ambiguous.
It is both defined in object MdocSession
and imported subsequently by import (<error Not found: cs214>#tiny : <error Not found: cs214>)._
import calculator.tiny.*
                        ^
[31merror[39m: 
calculator.worksheet.sc:18 (mdoc generated code) 
 Reference to $doc is ambiguous.
It is both defined in object MdocSession
and imported subsequently by import (<error Not found: cs214>#tiny : <error Not found: cs214>)._
$doc.startStatement(4, 0, 4, 25);


[31merror[39m: egui-calculator/src/scala/calculator.worksheet.sc:5:8: 
(<error Not found: cs214>#tiny.calculator.basic : <error Not found: cs214>) is not a legal path
since it is not a concrete type
import calculator.basic.*
       ^^^^^^^^^^^^^^^^
[31merror[39m: egui-calculator/src/scala/calculator.worksheet.sc:5:26: 
Reference to $doc is ambiguous.
It is both defined in object MdocSession
and imported subsequently by import (<error Not found: cs214>#tiny : <error Not found: cs214>)._
import calculator.basic.*
                         ^
[31merror[39m: 
calculator.worksheet.sc:21 (mdoc generated code) 
 Reference to $doc is ambiguous.
It is both defined in object MdocSession
and imported subsequently by import (<error Not found: cs214>#tiny : <error Not found: cs214>)._
$doc.startStatement(5, 0, 5, 24);


[31merror[39m: egui-calculator/src/scala/calculator.worksheet.sc:6:8: 
(<error Not found: cs214>#tiny.calculator.full : <error Not found: cs214>) is not a legal path
since it is not a concrete type
import calculator.full.*
       ^^^^^^^^^^^^^^^
[31merror[39m: egui-calculator/src/scala/calculator.worksheet.sc:6:25: 
Reference to $doc is ambiguous.
It is both defined in object MdocSession
and imported subsequently by import (<error Not found: cs214>#tiny : <error Not found: cs214>)._
import calculator.full.*
                        ^
[31merror[39m: egui-calculator/src/scala/calculator.worksheet.sc:7:1: 
Reference to $doc is ambiguous.
It is both defined in object MdocSession
and imported subsequently by import (<error Not found: cs214>#tiny : <error Not found: cs214>)._

^
[31merror[39m: egui-calculator/src/scala/calculator.worksheet.sc:8:49: 
Reference to $doc is ambiguous.
It is both defined in object MdocSession
and imported subsequently by import (<error Not found: cs214>#tiny : <error Not found: cs214>)._
val e1: TinyExpr = TinyDriver.parse("2 + 3").get
                                                ^
[31merror[39m: egui-calculator/src/scala/calculator.worksheet.sc:9:1: 
Reference to $doc is ambiguous.
It is both defined in object MdocSession
and imported subsequently by import (<error Not found: cs214>#tiny : <error Not found: cs214>)._

^
[31merror[39m: egui-calculator/src/scala/calculator.worksheet.sc:10:24: 
Reference to $doc is ambiguous.
It is both defined in object MdocSession
and imported subsequently by import (<error Not found: cs214>#tiny : <error Not found: cs214>)._
// Both should be equal
                       ^
[31merror[39m: egui-calculator/src/scala/calculator.worksheet.sc:11:14: 
Reference to $doc is ambiguous.
It is both defined in object MdocSession
and imported subsequently by import (<error Not found: cs214>#tiny : <error Not found: cs214>)._
e1.toString()
             ^
[31merror[39m: 
calculator.worksheet.sc:32 (mdoc generated code) 
 Reference to $doc is ambiguous.
It is both defined in object MdocSession
and imported subsequently by import (<error Not found: cs214>#tiny : <error Not found: cs214>)._
$doc.endStatement();


[31merror[39m: 
calculator.worksheet.sc:33 (mdoc generated code) 
 Reference to $doc is ambiguous.
It is both defined in object MdocSession
and imported subsequently by import (<error Not found: cs214>#tiny : <error Not found: cs214>)._
$doc.startStatement(11, 0, 11, 20);


[31merror[39m: egui-calculator/src/scala/calculator.worksheet.sc:12:21: 
Reference to $doc is ambiguous.
It is both defined in object MdocSession
and imported subsequently by import (<error Not found: cs214>#tiny : <error Not found: cs214>)._
TinyPrinter.show(e1)
                    ^
[31merror[39m: egui-calculator/src/scala/calculator.worksheet.sc:13:1: 
Reference to $doc is ambiguous.
It is both defined in object MdocSession
and imported subsequently by import (<error Not found: cs214>#tiny : <error Not found: cs214>)._

^
[31merror[39m: 
calculator.worksheet.sc:38 (mdoc generated code) 
 Reference to $doc is ambiguous.
It is both defined in object MdocSession
and imported subsequently by import (<error Not found: cs214>#tiny : <error Not found: cs214>)._
$doc.startStatement(13, 0, 13, 24);


[31merror[39m: egui-calculator/src/scala/calculator.worksheet.sc:14:25: 
Reference to $doc is ambiguous.
It is both defined in object MdocSession
and imported subsequently by import (<error Not found: cs214>#tiny : <error Not found: cs214>)._
TinyPrinter.toPolish(e1)
                        ^
[31merror[39m: egui-calculator/src/scala/calculator.worksheet.sc:15:1: 
Reference to $doc is ambiguous.
It is both defined in object MdocSession
and imported subsequently by import (<error Not found: cs214>#tiny : <error Not found: cs214>)._

^
[31merror[39m: 
calculator.worksheet.sc:43 (mdoc generated code) 
 Reference to $doc is ambiguous.
It is both defined in object MdocSession
and imported subsequently by import (<error Not found: cs214>#tiny : <error Not found: cs214>)._
$doc.startStatement(15, 0, 15, 37);


[31merror[39m: egui-calculator/src/scala/calculator.worksheet.sc:16:38: 
Reference to $doc is ambiguous.
It is both defined in object MdocSession
and imported subsequently by import (<error Not found: cs214>#tiny : <error Not found: cs214>)._
val tinyEvaluator = new TinyEvaluator
                                     ^
[31merror[39m: 
calculator.worksheet.sc:46 (mdoc generated code) 
 Reference to $doc is ambiguous.
It is both defined in object MdocSession
and imported subsequently by import (<error Not found: cs214>#tiny : <error Not found: cs214>)._
$doc.endStatement();


[31merror[39m: 
calculator.worksheet.sc:47 (mdoc generated code) 
 Reference to $doc is ambiguous.
It is both defined in object MdocSession
and imported subsequently by import (<error Not found: cs214>#tiny : <error Not found: cs214>)._
$doc.startStatement(16, 0, 16, 26);


[31merror[39m: egui-calculator/src/scala/calculator.worksheet.sc:17:27: 
Reference to $doc is ambiguous.
It is both defined in object MdocSession
and imported subsequently by import (<error Not found: cs214>#tiny : <error Not found: cs214>)._
tinyEvaluator.evaluate(e1)
                          ^
[31merror[39m: egui-calculator/src/scala/calculator.worksheet.sc:18:1: 
Reference to $doc is ambiguous.
It is both defined in object MdocSession
and imported subsequently by import (<error Not found: cs214>#tiny : <error Not found: cs214>)._

^
[31merror[39m: 
calculator.worksheet.sc:52 (mdoc generated code) 
 Reference to $doc is ambiguous.
It is both defined in object MdocSession
and imported subsequently by import (<error Not found: cs214>#tiny : <error Not found: cs214>)._
$doc.startStatement(18, 0, 18, 83);


[31merror[39m: egui-calculator/src/scala/calculator.worksheet.sc:19:84: 
Reference to $doc is ambiguous.
It is both defined in object MdocSession
and imported subsequently by import (<error Not found: cs214>#tiny : <error Not found: cs214>)._
val e2: FullExpr = FullDriver(FullEvaluator.Context.empty).parse("y - y - 0.0").get
                                                                                   ^
[31merror[39m: egui-calculator/src/scala/calculator.worksheet.sc:20:58: 
Reference to $doc is ambiguous.
It is both defined in object MdocSession
and imported subsequently by import (<error Not found: cs214>#tiny : <error Not found: cs214>)._
// Try out some manual test cases here to debug your code
                                                         ^
[31merror[39m: 
calculator.worksheet.sc:56 (mdoc generated code) 
 Reference to $doc is ambiguous.
It is both defined in object MdocSession
and imported subsequently by import (<error Not found: cs214>#tiny : <error Not found: cs214>)._
$doc.endSection();


2025.10.25 18:19:43 INFO  time: evaluated worksheet 'calculator.worksheet.sc' in 0.27s[0m
2025.10.25 18:19:42 INFO  no build target found for /home/deeme/Documents/code/Egui_calculator/egui-calculator/src/scala/calculator/basic/BasicEvaluator.scala. Using presentation compiler with project's scala-library version: 3.3.6[0m
2025.10.25 18:19:45 WARN  no build target for: /home/deeme/Documents/code/Egui_calculator/egui-calculator/src/scala/calculator/basic/BasicEvaluator.scala[0m
2025.10.25 18:19:45 INFO  no build target found for /home/deeme/Documents/code/Egui_calculator/egui-calculator/src/scala/calculator/basic/BasicEvaluator.scala. Using presentation compiler with project's scala-library version: 3.3.6[0m
2025.10.25 18:19:45 INFO  no build target found for /home/deeme/Documents/code/Egui_calculator/egui-calculator/src/scala/calculator/basic/BasicEvaluator.scala. Using presentation compiler with project's scala-library version: 3.3.6[0m
2025.10.25 18:19:50 WARN  no build target for: /home/deeme/Documents/code/Egui_calculator/egui-calculator/src/scala/calculator/basic/BasicEvaluator.scala[0m
2025.10.25 18:19:50 WARN  no build target for: /home/deeme/Documents/code/Egui_calculator/egui-calculator/src/scala/calculator.worksheet.sc[0m
[31merror[39m: egui-calculator/src/scala/calculator.worksheet.sc:1:8: 
Not found: cs214
import cs214.tiny.*
       ^^^^^
[31merror[39m: egui-calculator/src/scala/calculator.worksheet.sc:1:20: 
Reference to $doc is ambiguous.
It is both defined in object MdocSession
and imported subsequently by import (<error Not found: cs214>#tiny : <error Not found: cs214>)._
import cs214.tiny.*
                   ^
[31merror[39m: 
calculator.worksheet.sc:9 (mdoc generated code) 
 Reference to $doc is ambiguous.
It is both defined in object MdocSession
and imported subsequently by import (<error Not found: cs214>#tiny : <error Not found: cs214>)._
$doc.startStatement(1, 0, 1, 20);


[31merror[39m: egui-calculator/src/scala/calculator.worksheet.sc:2:8: 
(<error Not found: cs214>#tiny.cs214.basic : <error Not found: cs214>) is not a legal path
since it is not a concrete type
import cs214.basic.*
       ^^^^^^^^^^^
[31merror[39m: egui-calculator/src/scala/calculator.worksheet.sc:2:21: 
Reference to $doc is ambiguous.
It is both defined in object MdocSession
and imported subsequently by import (<error Not found: cs214>#tiny : <error Not found: cs214>)._
import cs214.basic.*
                    ^
[31merror[39m: 
calculator.worksheet.sc:12 (mdoc generated code) 
 Reference to $doc is ambiguous.
It is both defined in object MdocSession
and imported subsequently by import (<error Not found: cs214>#tiny : <error Not found: cs214>)._
$doc.startStatement(2, 0, 2, 19);


[31merror[39m: egui-calculator/src/scala/calculator.worksheet.sc:3:8: 
(<error Not found: cs214>#tiny.cs214.full : <error Not found: cs214>) is not a legal path
since it is not a concrete type
import cs214.full.*
       ^^^^^^^^^^
[31merror[39m: egui-calculator/src/scala/calculator.worksheet.sc:3:20: 
Reference to $doc is ambiguous.
It is both defined in object MdocSession
and imported subsequently by import (<error Not found: cs214>#tiny : <error Not found: cs214>)._
import cs214.full.*
                   ^
[31merror[39m: 
calculator.worksheet.sc:15 (mdoc generated code) 
 Reference to $doc is ambiguous.
It is both defined in object MdocSession
and imported subsequently by import (<error Not found: cs214>#tiny : <error Not found: cs214>)._
$doc.startStatement(3, 0, 3, 24);


[31merror[39m: egui-calculator/src/scala/calculator.worksheet.sc:4:8: 
(<error Not found: cs214>#tiny.calculator.tinyÂ² : <error Not found: cs214>) is not a legal path
since it is not a concrete type

where:    tiny  is a value in the empty package
          tinyÂ² is a value in the empty package

import calculator.tiny.*
       ^^^^^^^^^^^^^^^
[31merror[39m: egui-calculator/src/scala/calculator.worksheet.sc:4:25: 
Reference to $doc is ambiguous.
It is both defined in object MdocSession
and imported subsequently by import (<error Not found: cs214>#tiny : <error Not found: cs214>)._
import calculator.tiny.*
                        ^
[31merror[39m: 
calculator.worksheet.sc:18 (mdoc generated code) 
 Reference to $doc is ambiguous.
It is both defined in object MdocSession
and imported subsequently by import (<error Not found: cs214>#tiny : <error Not found: cs214>)._
$doc.startStatement(4, 0, 4, 25);


[31merror[39m: egui-calculator/src/scala/calculator.worksheet.sc:5:8: 
(<error Not found: cs214>#tiny.calculator.basic : <error Not found: cs214>) is not a legal path
since it is not a concrete type
import calculator.basic.*
       ^^^^^^^^^^^^^^^^
[31merror[39m: egui-calculator/src/scala/calculator.worksheet.sc:5:26: 
Reference to $doc is ambiguous.
It is both defined in object MdocSession
and imported subsequently by import (<error Not found: cs214>#tiny : <error Not found: cs214>)._
import calculator.basic.*
                         ^
[31merror[39m: 
calculator.worksheet.sc:21 (mdoc generated code) 
 Reference to $doc is ambiguous.
It is both defined in object MdocSession
and imported subsequently by import (<error Not found: cs214>#tiny : <error Not found: cs214>)._
$doc.startStatement(5, 0, 5, 24);


[31merror[39m: egui-calculator/src/scala/calculator.worksheet.sc:6:8: 
(<error Not found: cs214>#tiny.calculator.full : <error Not found: cs214>) is not a legal path
since it is not a concrete type
import calculator.full.*
       ^^^^^^^^^^^^^^^
[31merror[39m: egui-calculator/src/scala/calculator.worksheet.sc:6:25: 
Reference to $doc is ambiguous.
It is both defined in object MdocSession
and imported subsequently by import (<error Not found: cs214>#tiny : <error Not found: cs214>)._
import calculator.full.*
                        ^
[31merror[39m: egui-calculator/src/scala/calculator.worksheet.sc:7:1: 
Reference to $doc is ambiguous.
It is both defined in object MdocSession
and imported subsequently by import (<error Not found: cs214>#tiny : <error Not found: cs214>)._

^
[31merror[39m: egui-calculator/src/scala/calculator.worksheet.sc:8:49: 
Reference to $doc is ambiguous.
It is both defined in object MdocSession
and imported subsequently by import (<error Not found: cs214>#tiny : <error Not found: cs214>)._
val e1: TinyExpr = TinyDriver.parse("2 + 3").get
                                                ^
[31merror[39m: egui-calculator/src/scala/calculator.worksheet.sc:9:1: 
Reference to $doc is ambiguous.
It is both defined in object MdocSession
and imported subsequently by import (<error Not found: cs214>#tiny : <error Not found: cs214>)._

^
[31merror[39m: egui-calculator/src/scala/calculator.worksheet.sc:10:24: 
Reference to $doc is ambiguous.
It is both defined in object MdocSession
and imported subsequently by import (<error Not found: cs214>#tiny : <error Not found: cs214>)._
// Both should be equal
                       ^
[31merror[39m: egui-calculator/src/scala/calculator.worksheet.sc:11:14: 
Reference to $doc is ambiguous.
It is both defined in object MdocSession
and imported subsequently by import (<error Not found: cs214>#tiny : <error Not found: cs214>)._
e1.toString()
             ^
[31merror[39m: 
calculator.worksheet.sc:32 (mdoc generated code) 
 Reference to $doc is ambiguous.
It is both defined in object MdocSession
and imported subsequently by import (<error Not found: cs214>#tiny : <error Not found: cs214>)._
$doc.endStatement();


[31merror[39m: 
calculator.worksheet.sc:33 (mdoc generated code) 
 Reference to $doc is ambiguous.
It is both defined in object MdocSession
and imported subsequently by import (<error Not found: cs214>#tiny : <error Not found: cs214>)._
$doc.startStatement(11, 0, 11, 20);


[31merror[39m: egui-calculator/src/scala/calculator.worksheet.sc:12:21: 
Reference to $doc is ambiguous.
It is both defined in object MdocSession
and imported subsequently by import (<error Not found: cs214>#tiny : <error Not found: cs214>)._
TinyPrinter.show(e1)
                    ^
[31merror[39m: egui-calculator/src/scala/calculator.worksheet.sc:13:1: 
Reference to $doc is ambiguous.
It is both defined in object MdocSession
and imported subsequently by import (<error Not found: cs214>#tiny : <error Not found: cs214>)._

^
[31merror[39m: 
calculator.worksheet.sc:38 (mdoc generated code) 
 Reference to $doc is ambiguous.
It is both defined in object MdocSession
and imported subsequently by import (<error Not found: cs214>#tiny : <error Not found: cs214>)._
$doc.startStatement(13, 0, 13, 24);


[31merror[39m: egui-calculator/src/scala/calculator.worksheet.sc:14:25: 
Reference to $doc is ambiguous.
It is both defined in object MdocSession
and imported subsequently by import (<error Not found: cs214>#tiny : <error Not found: cs214>)._
TinyPrinter.toPolish(e1)
                        ^
[31merror[39m: egui-calculator/src/scala/calculator.worksheet.sc:15:1: 
Reference to $doc is ambiguous.
It is both defined in object MdocSession
and imported subsequently by import (<error Not found: cs214>#tiny : <error Not found: cs214>)._

^
[31merror[39m: 
calculator.worksheet.sc:43 (mdoc generated code) 
 Reference to $doc is ambiguous.
It is both defined in object MdocSession
and imported subsequently by import (<error Not found: cs214>#tiny : <error Not found: cs214>)._
$doc.startStatement(15, 0, 15, 37);


[31merror[39m: egui-calculator/src/scala/calculator.worksheet.sc:16:38: 
Reference to $doc is ambiguous.
It is both defined in object MdocSession
and imported subsequently by import (<error Not found: cs214>#tiny : <error Not found: cs214>)._
val tinyEvaluator = new TinyEvaluator
                                     ^
[31merror[39m: 
calculator.worksheet.sc:46 (mdoc generated code) 
 Reference to $doc is ambiguous.
It is both defined in object MdocSession
and imported subsequently by import (<error Not found: cs214>#tiny : <error Not found: cs214>)._
$doc.endStatement();


[31merror[39m: 
calculator.worksheet.sc:47 (mdoc generated code) 
 Reference to $doc is ambiguous.
It is both defined in object MdocSession
and imported subsequently by import (<error Not found: cs214>#tiny : <error Not found: cs214>)._
$doc.startStatement(16, 0, 16, 26);


[31merror[39m: egui-calculator/src/scala/calculator.worksheet.sc:17:27: 
Reference to $doc is ambiguous.
It is both defined in object MdocSession
and imported subsequently by import (<error Not found: cs214>#tiny : <error Not found: cs214>)._
tinyEvaluator.evaluate(e1)
                          ^
[31merror[39m: egui-calculator/src/scala/calculator.worksheet.sc:18:1: 
Reference to $doc is ambiguous.
It is both defined in object MdocSession
and imported subsequently by import (<error Not found: cs214>#tiny : <error Not found: cs214>)._

^
[31merror[39m: 
calculator.worksheet.sc:52 (mdoc generated code) 
 Reference to $doc is ambiguous.
It is both defined in object MdocSession
and imported subsequently by import (<error Not found: cs214>#tiny : <error Not found: cs214>)._
$doc.startStatement(18, 0, 18, 83);


[31merror[39m: egui-calculator/src/scala/calculator.worksheet.sc:19:84: 
Reference to $doc is ambiguous.
It is both defined in object MdocSession
and imported subsequently by import (<error Not found: cs214>#tiny : <error Not found: cs214>)._
val e2: FullExpr = FullDriver(FullEvaluator.Context.empty).parse("y - y - 0.0").get
                                                                                   ^
[31merror[39m: egui-calculator/src/scala/calculator.worksheet.sc:20:58: 
Reference to $doc is ambiguous.
It is both defined in object MdocSession
and imported subsequently by import (<error Not found: cs214>#tiny : <error Not found: cs214>)._
// Try out some manual test cases here to debug your code
                                                         ^
[31merror[39m: 
calculator.worksheet.sc:56 (mdoc generated code) 
 Reference to $doc is ambiguous.
It is both defined in object MdocSession
and imported subsequently by import (<error Not found: cs214>#tiny : <error Not found: cs214>)._
$doc.endSection();


2025.10.25 18:19:50 INFO  time: evaluated worksheet 'calculator.worksheet.sc' in 0.21s[0m
2025.10.25 18:20:01 WARN  no build target for: /home/deeme/Documents/code/Egui_calculator/egui-calculator/src/scala/calculator.worksheet.sc[0m
[31merror[39m: egui-calculator/src/scala/calculator.worksheet.sc:1:8: 
Not found: cs214
import cs214.tiny.*
       ^^^^^
[31merror[39m: egui-calculator/src/scala/calculator.worksheet.sc:1:20: 
Reference to $doc is ambiguous.
It is both defined in object MdocSession
and imported subsequently by import (<error Not found: cs214>#tiny : <error Not found: cs214>)._
import cs214.tiny.*
                   ^
[31merror[39m: 
calculator.worksheet.sc:9 (mdoc generated code) 
 Reference to $doc is ambiguous.
It is both defined in object MdocSession
and imported subsequently by import (<error Not found: cs214>#tiny : <error Not found: cs214>)._
$doc.startStatement(1, 0, 1, 20);


[31merror[39m: egui-calculator/src/scala/calculator.worksheet.sc:2:8: 
(<error Not found: cs214>#tiny.cs214.basic : <error Not found: cs214>) is not a legal path
since it is not a concrete type
import cs214.basic.*
       ^^^^^^^^^^^
[31merror[39m: egui-calculator/src/scala/calculator.worksheet.sc:2:21: 
Reference to $doc is ambiguous.
It is both defined in object MdocSession
and imported subsequently by import (<error Not found: cs214>#tiny : <error Not found: cs214>)._
import cs214.basic.*
                    ^
[31merror[39m: 
calculator.worksheet.sc:12 (mdoc generated code) 
 Reference to $doc is ambiguous.
It is both defined in object MdocSession
and imported subsequently by import (<error Not found: cs214>#tiny : <error Not found: cs214>)._
$doc.startStatement(2, 0, 2, 19);


[31merror[39m: egui-calculator/src/scala/calculator.worksheet.sc:3:8: 
(<error Not found: cs214>#tiny.cs214.full : <error Not found: cs214>) is not a legal path
since it is not a concrete type
import cs214.full.*
       ^^^^^^^^^^
[31merror[39m: egui-calculator/src/scala/calculator.worksheet.sc:3:20: 
Reference to $doc is ambiguous.
It is both defined in object MdocSession
and imported subsequently by import (<error Not found: cs214>#tiny : <error Not found: cs214>)._
import cs214.full.*
                   ^
[31merror[39m: 
calculator.worksheet.sc:15 (mdoc generated code) 
 Reference to $doc is ambiguous.
It is both defined in object MdocSession
and imported subsequently by import (<error Not found: cs214>#tiny : <error Not found: cs214>)._
$doc.startStatement(3, 0, 3, 24);


[31merror[39m: egui-calculator/src/scala/calculator.worksheet.sc:4:8: 
(<error Not found: cs214>#tiny.calculator.tinyÂ² : <error Not found: cs214>) is not a legal path
since it is not a concrete type

where:    tiny  is a value in the empty package
          tinyÂ² is a value in the empty package

import calculator.tiny.*
       ^^^^^^^^^^^^^^^
[31merror[39m: egui-calculator/src/scala/calculator.worksheet.sc:4:25: 
Reference to $doc is ambiguous.
It is both defined in object MdocSession
and imported subsequently by import (<error Not found: cs214>#tiny : <error Not found: cs214>)._
import calculator.tiny.*
                        ^
[31merror[39m: 
calculator.worksheet.sc:18 (mdoc generated code) 
 Reference to $doc is ambiguous.
It is both defined in object MdocSession
and imported subsequently by import (<error Not found: cs214>#tiny : <error Not found: cs214>)._
$doc.startStatement(4, 0, 4, 25);


[31merror[39m: egui-calculator/src/scala/calculator.worksheet.sc:5:8: 
(<error Not found: cs214>#tiny.calculator.basic : <error Not found: cs214>) is not a legal path
since it is not a concrete type
import calculator.basic.*
       ^^^^^^^^^^^^^^^^
[31merror[39m: egui-calculator/src/scala/calculator.worksheet.sc:5:26: 
Reference to $doc is ambiguous.
It is both defined in object MdocSession
and imported subsequently by import (<error Not found: cs214>#tiny : <error Not found: cs214>)._
import calculator.basic.*
                         ^
[31merror[39m: 
calculator.worksheet.sc:21 (mdoc generated code) 
 Reference to $doc is ambiguous.
It is both defined in object MdocSession
and imported subsequently by import (<error Not found: cs214>#tiny : <error Not found: cs214>)._
$doc.startStatement(5, 0, 5, 24);


[31merror[39m: egui-calculator/src/scala/calculator.worksheet.sc:6:8: 
(<error Not found: cs214>#tiny.calculator.full : <error Not found: cs214>) is not a legal path
since it is not a concrete type
import calculator.full.*
       ^^^^^^^^^^^^^^^
[31merror[39m: egui-calculator/src/scala/calculator.worksheet.sc:6:25: 
Reference to $doc is ambiguous.
It is both defined in object MdocSession
and imported subsequently by import (<error Not found: cs214>#tiny : <error Not found: cs214>)._
import calculator.full.*
                        ^
[31merror[39m: egui-calculator/src/scala/calculator.worksheet.sc:7:1: 
Reference to $doc is ambiguous.
It is both defined in object MdocSession
and imported subsequently by import (<error Not found: cs214>#tiny : <error Not found: cs214>)._

^
[31merror[39m: egui-calculator/src/scala/calculator.worksheet.sc:8:49: 
Reference to $doc is ambiguous.
It is both defined in object MdocSession
and imported subsequently by import (<error Not found: cs214>#tiny : <error Not found: cs214>)._
val e1: TinyExpr = TinyDriver.parse("2 + 3").get
                                                ^
[31merror[39m: egui-calculator/src/scala/calculator.worksheet.sc:9:1: 
Reference to $doc is ambiguous.
It is both defined in object MdocSession
and imported subsequently by import (<error Not found: cs214>#tiny : <error Not found: cs214>)._

^
[31merror[39m: egui-calculator/src/scala/calculator.worksheet.sc:10:24: 
Reference to $doc is ambiguous.
It is both defined in object MdocSession
and imported subsequently by import (<error Not found: cs214>#tiny : <error Not found: cs214>)._
// Both should be equal
                       ^
[31merror[39m: egui-calculator/src/scala/calculator.worksheet.sc:11:14: 
Reference to $doc is ambiguous.
It is both defined in object MdocSession
and imported subsequently by import (<error Not found: cs214>#tiny : <error Not found: cs214>)._
e1.toString()
             ^
[31merror[39m: 
calculator.worksheet.sc:32 (mdoc generated code) 
 Reference to $doc is ambiguous.
It is both defined in object MdocSession
and imported subsequently by import (<error Not found: cs214>#tiny : <error Not found: cs214>)._
$doc.endStatement();


[31merror[39m: 
calculator.worksheet.sc:33 (mdoc generated code) 
 Reference to $doc is ambiguous.
It is both defined in object MdocSession
and imported subsequently by import (<error Not found: cs214>#tiny : <error Not found: cs214>)._
$doc.startStatement(11, 0, 11, 20);


[31merror[39m: egui-calculator/src/scala/calculator.worksheet.sc:12:21: 
Reference to $doc is ambiguous.
It is both defined in object MdocSession
and imported subsequently by import (<error Not found: cs214>#tiny : <error Not found: cs214>)._
TinyPrinter.show(e1)
                    ^
[31merror[39m: egui-calculator/src/scala/calculator.worksheet.sc:13:1: 
Reference to $doc is ambiguous.
It is both defined in object MdocSession
and imported subsequently by import (<error Not found: cs214>#tiny : <error Not found: cs214>)._

^
[31merror[39m: 
calculator.worksheet.sc:38 (mdoc generated code) 
 Reference to $doc is ambiguous.
It is both defined in object MdocSession
and imported subsequently by import (<error Not found: cs214>#tiny : <error Not found: cs214>)._
$doc.startStatement(13, 0, 13, 24);


[31merror[39m: egui-calculator/src/scala/calculator.worksheet.sc:14:25: 
Reference to $doc is ambiguous.
It is both defined in object MdocSession
and imported subsequently by import (<error Not found: cs214>#tiny : <error Not found: cs214>)._
TinyPrinter.toPolish(e1)
                        ^
[31merror[39m: egui-calculator/src/scala/calculator.worksheet.sc:15:1: 
Reference to $doc is ambiguous.
It is both defined in object MdocSession
and imported subsequently by import (<error Not found: cs214>#tiny : <error Not found: cs214>)._

^
[31merror[39m: 
calculator.worksheet.sc:43 (mdoc generated code) 
 Reference to $doc is ambiguous.
It is both defined in object MdocSession
and imported subsequently by import (<error Not found: cs214>#tiny : <error Not found: cs214>)._
$doc.startStatement(15, 0, 15, 37);


[31merror[39m: egui-calculator/src/scala/calculator.worksheet.sc:16:38: 
Reference to $doc is ambiguous.
It is both defined in object MdocSession
and imported subsequently by import (<error Not found: cs214>#tiny : <error Not found: cs214>)._
val tinyEvaluator = new TinyEvaluator
                                     ^
[31merror[39m: 
calculator.worksheet.sc:46 (mdoc generated code) 
 Reference to $doc is ambiguous.
It is both defined in object MdocSession
and imported subsequently by import (<error Not found: cs214>#tiny : <error Not found: cs214>)._
$doc.endStatement();


[31merror[39m: 
calculator.worksheet.sc:47 (mdoc generated code) 
 Reference to $doc is ambiguous.
It is both defined in object MdocSession
and imported subsequently by import (<error Not found: cs214>#tiny : <error Not found: cs214>)._
$doc.startStatement(16, 0, 16, 26);


[31merror[39m: egui-calculator/src/scala/calculator.worksheet.sc:17:27: 
Reference to $doc is ambiguous.
It is both defined in object MdocSession
and imported subsequently by import (<error Not found: cs214>#tiny : <error Not found: cs214>)._
tinyEvaluator.evaluate(e1)
                          ^
[31merror[39m: egui-calculator/src/scala/calculator.worksheet.sc:18:1: 
Reference to $doc is ambiguous.
It is both defined in object MdocSession
and imported subsequently by import (<error Not found: cs214>#tiny : <error Not found: cs214>)._

^
[31merror[39m: 
calculator.worksheet.sc:52 (mdoc generated code) 
 Reference to $doc is ambiguous.
It is both defined in object MdocSession
and imported subsequently by import (<error Not found: cs214>#tiny : <error Not found: cs214>)._
$doc.startStatement(18, 0, 18, 83);


[31merror[39m: egui-calculator/src/scala/calculator.worksheet.sc:19:84: 
Reference to $doc is ambiguous.
It is both defined in object MdocSession
and imported subsequently by import (<error Not found: cs214>#tiny : <error Not found: cs214>)._
val e2: FullExpr = FullDriver(FullEvaluator.Context.empty).parse("y - y - 0.0").get
                                                                                   ^
[31merror[39m: egui-calculator/src/scala/calculator.worksheet.sc:20:58: 
Reference to $doc is ambiguous.
It is both defined in object MdocSession
and imported subsequently by import (<error Not found: cs214>#tiny : <error Not found: cs214>)._
// Try out some manual test cases here to debug your code
                                                         ^
[31merror[39m: 
calculator.worksheet.sc:56 (mdoc generated code) 
 Reference to $doc is ambiguous.
It is both defined in object MdocSession
and imported subsequently by import (<error Not found: cs214>#tiny : <error Not found: cs214>)._
$doc.endSection();


2025.10.25 18:20:01 INFO  time: evaluated worksheet 'calculator.worksheet.sc' in 0.27s[0m
2025.10.25 18:20:04 INFO  Shutting down server[0m
2025.10.25 18:20:04 INFO  shutting down Metals[0m
2025.10.25 18:20:14 ERROR Timeout waiting for 'build/initialize' response[0m
2025.10.25 18:20:14 WARN  Retrying connection to the build server Scala CLI[0m
2025.10.25 18:20:14 INFO  Running List(/usr/lib/jvm/java-17-openjdk/bin/java, -cp, /home/deeme/.cache/coursier/v1/https/repo1.maven.org/maven2/org/virtuslab/scala-cli/cli_3/1.9.1/cli_3-1.9.1.jar:/home/deeme/.cache/coursier/v1/https/repo1.maven.org/maven2/com/github/alexarchambault/case-app_3/2.1.0/case-app_3-2.1.0.jar:/home/deeme/.cache/coursier/v1/https/repo1.maven.org/maven2/io/get-coursier/coursier-launcher_2.13/2.1.24/coursier-launcher_2.13-2.1.24.jar:/home/deeme/.cache/coursier/v1/https/repo1.maven.org/maven2/io/get-coursier/coursier-proxy-setup/2.1.24/coursier-proxy-setup-2.1.24.jar:/home/deeme/.cache/coursier/v1/https/repo1.maven.org/maven2/io/get-coursier/publish/publish_3/0.4.3/publish_3-0.4.3.jar:/home/deeme/.cache/coursier/v1/https/repo1.maven.org/maven2/com/google/jimfs/jimfs/1.3.1/jimfs-1.3.1.jar:/home/deeme/.cache/coursier/v1/https/repo1.maven.org/maven2/io/get-coursier/jniutils/windows-jni-utils/0.3.3/windows-jni-utils-0.3.3.jar:/home/deeme/.cache/coursier/v1/https/repo1.maven.org/maven2/com/github/plokhotnyuk/jsoniter-scala/jsoniter-scala-core_3/2.13.5.2/jsoniter-scala-core_3-2.13.5.2.jar:/home/deeme/.cache/coursier/v1/https/repo1.maven.org/maven2/org/virtuslab/scala-cli/libsodiumjni/0.0.4/libsodiumjni-0.0.4.jar:/home/deeme/.cache/coursier/v1/https/repo1.maven.org/maven2/org/scalameta/metaconfig-typesafe-config_3/0.16.0/metaconfig-typesafe-config_3-0.16.0.jar:/home/deeme/.cache/coursier/v1/https/repo1.maven.org/maven2/ai/kien/python-native-libs_3/0.2.4/python-native-libs_3-0.2.4.jar:/home/deeme/.cache/coursier/v1/https/repo1.maven.org/maven2/org/virtuslab/scala-packager_3/0.2.0/scala-packager_3-0.2.0.jar:/home/deeme/.cache/coursier/v1/https/repo1.maven.org/maven2/org/virtuslab/scala-cli-signing/cli_3/0.2.11/cli_3-0.2.11.jar:/home/deeme/.cache/coursier/v1/https/repo1.maven.org/maven2/org/slf4j/slf4j-nop/2.0.17/slf4j-nop-2.0.17.jar:/home/deeme/.cache/coursier/v1/https/repo1.maven.org/maven2/com/softwaremill/sttp/client3/core_3/3.11.0/core_3-3.11.0.jar:/home/deeme/.cache/coursier/v1/https/repo1.maven.org/maven2/ch/epfl/scala/scalafix-interfaces/0.14.3/scalafix-interfaces-0.14.3.jar:/home/deeme/.cache/coursier/v1/https/repo1.maven.org/maven2/org/scala-lang/scala3-library_3/3.3.6/scala3-library_3-3.3.6.jar:/home/deeme/.cache/coursier/v1/https/repo1.maven.org/maven2/org/virtuslab/scala-cli/build-module_3/1.9.1/build-module_3-1.9.1.jar:/home/deeme/.cache/coursier/v1/https/repo1.maven.org/maven2/org/virtuslab/scala-cli/config_3/1.9.1/config_3-1.9.1.jar:/home/deeme/.cache/coursier/v1/https/repo1.maven.org/maven2/org/virtuslab/scala-cli/scala3-graal_3/1.9.1/scala3-graal_3-1.9.1.jar:/home/deeme/.cache/coursier/v1/https/repo1.maven.org/maven2/org/virtuslab/scala-cli/specification-level_3/1.9.1/specification-level_3-1.9.1.jar:/home/deeme/.cache/coursier/v1/https/repo1.maven.org/maven2/com/lihaoyi/sourcecode_3/0.4.3-M5/sourcecode_3-0.4.3-M5.jar:/home/deeme/.cache/coursier/v1/https/repo1.maven.org/maven2/com/github/alexarchambault/case-app-annotations_3/2.1.0/case-app-annotations_3-2.1.0.jar:/home/deeme/.cache/coursier/v1/https/repo1.maven.org/maven2/com/github/alexarchambault/case-app-util_3/2.1.0/case-app-util_3-2.1.0.jar:/home/deeme/.cache/coursier/v1/https/repo1.maven.org/maven2/io/github/alexarchambault/scala-cli/tmp/zip-input-stream/0.1.1/zip-input-stream-0.1.1.jar:/home/deeme/.cache/coursier/v1/https/repo1.maven.org/maven2/org/scala-lang/scala-library/2.13.16/scala-library-2.13.16.jar:/home/deeme/.cache/coursier/v1/https/repo1.maven.org/maven2/io/get-coursier/coursier-cache_2.13/2.1.24/coursier-cache_2.13-2.1.24.jar:/home/deeme/.cache/coursier/v1/https/repo1.maven.org/maven2/io/get-coursier/coursier-core_2.13/2.1.24/coursier-core_2.13-2.1.24.jar:/home/deeme/.cache/coursier/v1/https/repo1.maven.org/maven2/com/google/guava/guava/33.4.8-jre/guava-33.4.8-jre.jar:/home/deeme/.cache/coursier/v1/https/repo1.maven.org/maven2/net/java/dev/jna/jna/5.13.0/jna-5.13.0.jar:/home/deeme/.cache/coursier/v1/https/repo1.maven.org/maven2/net/java/dev/jna/jna-platform/5.12.1/jna-platform-5.12.1.jar:/home/deeme/.cache/coursier/v1/https/repo1.maven.org/maven2/org/scalameta/metaconfig-core_3/0.16.0/metaconfig-core_3-0.16.0.jar:/home/deeme/.cache/coursier/v1/https/repo1.maven.org/maven2/com/typesafe/config/1.4.3/config-1.4.3.jar:/home/deeme/.cache/coursier/v1/https/repo1.maven.org/maven2/org/scala-lang/modules/scala-collection-compat_3/2.13.0/scala-collection-compat_3-2.13.0.jar:/home/deeme/.cache/coursier/v1/https/repo1.maven.org/maven2/commons-io/commons-io/2.20.0/commons-io-2.20.0.jar:/home/deeme/.cache/coursier/v1/https/repo1.maven.org/maven2/com/google/cloud/tools/jib-core/0.27.3/jib-core-0.27.3.jar:/home/deeme/.cache/coursier/v1/https/repo1.maven.org/maven2/com/lihaoyi/os-lib_3/0.11.5/os-lib_3-0.11.5.jar:/home/deeme/.cache/coursier/v1/https/repo1.maven.org/maven2/org/bouncycastle/bcpg-jdk18on/1.81/bcpg-jdk18on-1.81.jar:/home/deeme/.cache/coursier/v1/https/repo1.maven.org/maven2/org/bouncycastle/bcutil-jdk18on/1.81/bcutil-jdk18on-1.81.jar:/home/deeme/.cache/coursier/v1/https/repo1.maven.org/maven2/org/virtuslab/scala-cli-signing/shared_3/0.2.11/shared_3-0.2.11.jar:/home/deeme/.cache/coursier/v1/https/repo1.maven.org/maven2/org/slf4j/slf4j-api/2.0.17/slf4j-api-2.0.17.jar:/home/deeme/.cache/coursier/v1/https/repo1.maven.org/maven2/com/softwaremill/sttp/model/core_3/1.7.11/core_3-1.7.11.jar:/home/deeme/.cache/coursier/v1/https/repo1.maven.org/maven2/com/softwaremill/sttp/shared/core_3/1.3.22/core_3-1.3.22.jar:/home/deeme/.cache/coursier/v1/https/repo1.maven.org/maven2/com/softwaremill/sttp/shared/ws_3/1.3.22/ws_3-1.3.22.jar:/home/deeme/.cache/coursier/v1/https/repo1.maven.org/maven2/io/get-coursier/interface/1.0.28/interface-1.0.28.jar:/home/deeme/.cache/coursier/v1/https/repo1.maven.org/maven2/org/ow2/asm/asm/9.8/asm-9.8.jar:/home/deeme/.cache/coursier/v1/https/repo1.maven.org/maven2/org/virtuslab/scala-cli/java-class-name/java-class-name_3/0.1.8/java-class-name_3-0.1.8.jar:/home/deeme/.cache/coursier/v1/https/repo1.maven.org/maven2/org/scalameta/semanticdb-shared_2.13/4.13.9/semanticdb-shared_2.13-4.13.9.jar:/home/deeme/.cache/coursier/v1/https/repo1.maven.org/maven2/org/scala-native/test-runner_3/0.5.8/test-runner_3-0.5.8.jar:/home/deeme/.cache/coursier/v1/https/repo1.maven.org/maven2/com/lihaoyi/pprint_3/0.9.3/pprint_3-0.9.3.jar:/home/deeme/.cache/coursier/v1/https/repo1.maven.org/maven2/org/scala-js/scalajs-env-nodejs_2.13/1.4.0/scalajs-env-nodejs_2.13-1.4.0.jar:/home/deeme/.cache/coursier/v1/https/repo1.maven.org/maven2/org/scala-js/scalajs-sbt-test-adapter_2.13/1.20.1/scalajs-sbt-test-adapter_2.13-1.20.1.jar:/home/deeme/.cache/coursier/v1/https/repo1.maven.org/maven2/com/swoval/file-tree-views/2.1.12/file-tree-views-2.1.12.jar:/home/deeme/.cache/coursier/v1/https/repo1.maven.org/maven2/org/virtuslab/scala-cli/zip-input-stream/zip-input-stream/0.1.3/zip-input-stream-0.1.3.jar:/home/deeme/.cache/coursier/v1/https/repo1.maven.org/maven2/org/virtuslab/scala-cli/options_3/1.9.1/options_3-1.9.1.jar:/home/deeme/.cache/coursier/v1/https/repo1.maven.org/maven2/org/virtuslab/scala-cli/directives_3/1.9.1/directives_3-1.9.1.jar:/home/deeme/.cache/coursier/v1/https/repo1.maven.org/maven2/org/virtuslab/scala-cli/scala-cli-bsp/1.9.1/scala-cli-bsp-1.9.1.jar:/home/deeme/.cache/coursier/v1/https/repo1.maven.org/maven2/org/virtuslab/scala-cli/test-runner_3/1.9.1/test-runner_3-1.9.1.jar:/home/deeme/.cache/coursier/v1/https/repo1.maven.org/maven2/org/virtuslab/scala-cli/tasty-lib_3/1.9.1/tasty-lib_3-1.9.1.jar:/home/deeme/.cache/coursier/v1/https/repo1.maven.org/maven2/io/github/alexarchambault/is-terminal/0.1.1/is-terminal-0.1.1.jar:/home/deeme/.cache/coursier/v1/https/repo1.maven.org/maven2/org/codehaus/plexus/plexus-archiver/4.10.0/plexus-archiver-4.10.0.jar:/home/deeme/.cache/coursier/v1/https/repo1.maven.org/maven2/org/codehaus/plexus/plexus-container-default/2.1.1/plexus-container-default-2.1.1.jar:/home/deeme/.cache/coursier/v1/https/repo1.maven.org/maven2/io/github/alexarchambault/windows-ansi/windows-ansi/0.0.6/windows-ansi-0.0.6.jar:/home/deeme/.cache/coursier/v1/https/repo1.maven.org/maven2/io/get-coursier/cache-util/2.1.24/cache-util-2.1.24.jar:/home/deeme/.cache/coursier/v1/https/repo1.maven.org/maven2/io/get-coursier/coursier-util_2.13/2.1.24/coursier-util_2.13-2.1.24.jar:/home/deeme/.cache/coursier/v1/https/repo1.maven.org/maven2/io/github/alexarchambault/concurrent-reference-hash-map/1.1.0/concurrent-reference-hash-map-1.1.0.jar:/home/deeme/.cache/coursier/v1/https/repo1.maven.org/maven2/org/scala-lang/modules/scala-xml_2.13/2.3.0/scala-xml_2.13-2.3.0.jar:/home/deeme/.cache/coursier/v1/https/repo1.maven.org/maven2/com/google/guava/failureaccess/1.0.3/failureaccess-1.0.3.jar:/home/deeme/.cache/coursier/v1/https/repo1.maven.org/maven2/com/google/guava/listenablefuture/9999.0-empty-to-avoid-conflict-with-guava/listenablefuture-9999.0-empty-to-avoid-conflict-with-guava.jar:/home/deeme/.cache/coursier/v1/https/repo1.maven.org/maven2/org/jspecify/jspecify/1.0.0/jspecify-1.0.0.jar:/home/deeme/.cache/coursier/v1/https/repo1.maven.org/maven2/com/google/errorprone/error_prone_annotations/2.36.0/error_prone_annotations-2.36.0.jar:/home/deeme/.cache/coursier/v1/https/repo1.maven.org/maven2/com/google/j2objc/j2objc-annotations/3.0.0/j2objc-annotations-3.0.0.jar:/home/deeme/.cache/coursier/v1/https/repo1.maven.org/maven2/org/scalameta/metaconfig-pprint_3/0.16.0/metaconfig-pprint_3-0.16.0.jar:/home/deeme/.cache/coursier/v1/https/repo1.maven.org/maven2/org/typelevel/paiges-core_3/0.4.4/paiges-core_3-0.4.4.jar:/home/deeme/.cache/coursier/v1/https/repo1.maven.org/maven2/org/scala-lang/scala-reflect/2.13.16/scala-reflect-2.13.16.jar:/home/deeme/.cache/coursier/v1/https/repo1.maven.org/maven2/com/google/cloud/tools/jib-build-plan/0.4.0/jib-build-plan-0.4.0.jar:/home/deeme/.cache/coursier/v1/https/repo1.maven.org/maven2/com/google/http-client/google-http-client/1.42.2/google-http-client-1.42.2.jar:/home/deeme/.cache/coursier/v1/https/repo1.maven.org/maven2/com/google/http-client/google-http-client-apache-v2/1.42.2/google-http-client-apache-v2-1.42.2.jar:/home/deeme/.cache/coursier/v1/https/repo1.maven.org/maven2/com/google/auth/google-auth-library-oauth2-http/1.10.0/google-auth-library-oauth2-http-1.10.0.jar:/home/deeme/.cache/coursier/v1/https/repo1.maven.org/maven2/org/apache/commons/commons-compress/1.26.2/commons-compress-1.26.2.jar:/home/deeme/.cache/coursier/v1/https/repo1.maven.org/maven2/com/fasterxml/jackson/core/jackson-databind/2.15.2/jackson-databind-2.15.2.jar:/home/deeme/.cache/coursier/v1/https/repo1.maven.org/maven2/com/fasterxml/jackson/datatype/jackson-datatype-jsr310/2.15.2/jackson-datatype-jsr310-2.15.2.jar:/home/deeme/.cache/coursier/v1/https/repo1.maven.org/maven2/com/lihaoyi/geny_3/1.1.1/geny_3-1.1.1.jar:/home/deeme/.cache/coursier/v1/https/repo1.maven.org/maven2/com/lihaoyi/os-zip/0.11.5/os-zip-0.11.5.jar:/home/deeme/.cache/coursier/v1/https/repo1.maven.org/maven2/org/bouncycastle/bcprov-jdk18on/1.81/bcprov-jdk18on-1.81.jar:/home/deeme/.cache/coursier/v1/https/repo1.maven.org/maven2/org/jline/jline-terminal-jni/3.25.0/jline-terminal-jni-3.25.0.jar:/home/deeme/.cache/coursier/v1/https/repo1.maven.org/maven2/org/jline/jline-native/3.25.0/jline-native-3.25.0.jar:/home/deeme/.cache/coursier/v1/https/repo1.maven.org/maven2/org/scala-lang/scala3-compiler_3/3.3.6/scala3-compiler_3-3.3.6.jar:/home/deeme/.cache/coursier/v1/https/repo1.maven.org/maven2/org/scalameta/scalameta_2.13/4.13.9/scalameta_2.13-4.13.9.jar:/home/deeme/.cache/coursier/v1/https/repo1.maven.org/maven2/org/scala-lang/scalap/2.13.13/scalap-2.13.13.jar:/home/deeme/.cache/coursier/v1/https/repo1.maven.org/maven2/com/thesamet/scalapb/scalapb-runtime_2.13/0.11.15/scalapb-runtime_2.13-0.11.15.jar:/home/deeme/.cache/coursier/v1/https/repo1.maven.org/maven2/org/scala-native/tools_3/0.5.8/tools_3-0.5.8.jar:/home/deeme/.cache/coursier/v1/https/repo1.maven.org/maven2/org/scala-sbt/test-interface/1.0/test-interface-1.0.jar:/home/deeme/.cache/coursier/v1/https/repo1.maven.org/maven2/com/github/sbt/junit-interface/0.13.3/junit-interface-0.13.3.jar:/home/deeme/.cache/coursier/v1/https/repo1.maven.org/maven2/junit/junit/4.13.2/junit-4.13.2.jar:/home/deeme/.cache/coursier/v1/https/repo1.maven.org/maven2/com/lihaoyi/fansi_3/0.5.1/fansi_3-0.5.1.jar:/home/deeme/.cache/coursier/v1/https/repo1.maven.org/maven2/org/scala-js/scalajs-js-envs_2.13/1.4.0/scalajs-js-envs_2.13-1.4.0.jar:/home/deeme/.cache/coursier/v1/https/repo1.maven.org/maven2/ch/epfl/scala/bloop-config_2.13/2.3.2/bloop-config_2.13-2.3.2.jar:/home/deeme/.cache/coursier/v1/https/repo1.maven.org/maven2/org/virtuslab/scala-cli/core_3/1.9.1/core_3-1.9.1.jar:/home/deeme/.cache/coursier/v1/https/repo1.maven.org/maven2/org/virtuslab/using_directives/1.1.4/using_directives-1.1.4.jar:/home/deeme/.cache/coursier/v1/https/repo1.maven.org/maven2/org/virtuslab/scala-cli/build-macros_3/1.9.1/build-macros_3-1.9.1.jar:/home/deeme/.cache/coursier/v1/https/repo1.maven.org/maven2/ch/epfl/scala/bsp4j/2.1.1/bsp4j-2.1.1.jar:/home/deeme/.cache/coursier/v1/https/repo1.maven.org/maven2/javax/inject/javax.inject/1/javax.inject-1.jar:/home/deeme/.cache/coursier/v1/https/repo1.maven.org/maven2/org/codehaus/plexus/plexus-utils/4.0.1/plexus-utils-4.0.1.jar:/home/deeme/.cache/coursier/v1/https/repo1.maven.org/maven2/org/codehaus/plexus/plexus-io/3.5.0/plexus-io-3.5.0.jar:/home/deeme/.cache/coursier/v1/https/repo1.maven.org/maven2/io/airlift/aircompressor/0.27/aircompressor-0.27.jar:/home/deeme/.cache/coursier/v1/https/repo1.maven.org/maven2/org/tukaani/xz/1.9/xz-1.9.jar:/home/deeme/.cache/coursier/v1/https/repo1.maven.org/maven2/com/github/luben/zstd-jni/1.5.6-3/zstd-jni-1.5.6-3.jar:/home/deeme/.cache/coursier/v1/https/repo1.maven.org/maven2/org/codehaus/plexus/plexus-classworlds/2.6.0/plexus-classworlds-2.6.0.jar:/home/deeme/.cache/coursier/v1/https/repo1.maven.org/maven2/org/apache/xbean/xbean-reflect/3.7/xbean-reflect-3.7.jar:/home/deeme/.cache/coursier/v1/https/repo1.maven.org/maven2/org/fusesource/jansi/jansi/2.4.1/jansi-2.4.1.jar:/home/deeme/.cache/coursier/v1/https/repo1.maven.org/maven2/org/apache/httpcomponents/httpclient/4.5.13/httpclient-4.5.13.jar:/home/deeme/.cache/coursier/v1/https/repo1.maven.org/maven2/org/apache/httpcomponents/httpcore/4.4.15/httpcore-4.4.15.jar:/home/deeme/.cache/coursier/v1/https/repo1.maven.org/maven2/com/google/code/findbugs/jsr305/3.0.2/jsr305-3.0.2.jar:/home/deeme/.cache/coursier/v1/https/repo1.maven.org/maven2/io/opencensus/opencensus-api/0.31.1/opencensus-api-0.31.1.jar:/home/deeme/.cache/coursier/v1/https/repo1.maven.org/maven2/io/opencensus/opencensus-contrib-http-util/0.31.1/opencensus-contrib-http-util-0.31.1.jar:/home/deeme/.cache/coursier/v1/https/repo1.maven.org/maven2/com/google/auto/value/auto-value-annotations/1.9/auto-value-annotations-1.9.jar:/home/deeme/.cache/coursier/v1/https/repo1.maven.org/maven2/com/google/auth/google-auth-library-credentials/1.10.0/google-auth-library-credentials-1.10.0.jar:/home/deeme/.cache/coursier/v1/https/repo1.maven.org/maven2/com/google/http-client/google-http-client-gson/1.42.2/google-http-client-gson-1.42.2.jar:/home/deeme/.cache/coursier/v1/https/repo1.maven.org/maven2/commons-codec/commons-codec/1.18.0/commons-codec-1.18.0.jar:/home/deeme/.cache/coursier/v1/https/repo1.maven.org/maven2/org/apache/commons/commons-lang3/3.14.0/commons-lang3-3.14.0.jar:/home/deeme/.cache/coursier/v1/https/repo1.maven.org/maven2/com/fasterxml/jackson/core/jackson-annotations/2.15.2/jackson-annotations-2.15.2.jar:/home/deeme/.cache/coursier/v1/https/repo1.maven.org/maven2/com/fasterxml/jackson/core/jackson-core/2.15.2/jackson-core-2.15.2.jar:/home/deeme/.cache/coursier/v1/https/repo1.maven.org/maven2/org/scala-lang/scala3-interfaces/3.3.6/scala3-interfaces-3.3.6.jar:/home/deeme/.cache/coursier/v1/https/repo1.maven.org/maven2/org/scala-lang/tasty-core_3/3.3.6/tasty-core_3-3.3.6.jar:/home/deeme/.cache/coursier/v1/https/repo1.maven.org/maven2/org/scala-lang/modules/scala-asm/9.8.0-scala-1/scala-asm-9.8.0-scala-1.jar:/home/deeme/.cache/coursier/v1/https/repo1.maven.org/maven2/org/scala-sbt/compiler-interface/1.10.4/compiler-interface-1.10.4.jar:/home/deeme/.cache/coursier/v1/https/repo1.maven.org/maven2/org/scalameta/parsers_2.13/4.13.9/parsers_2.13-4.13.9.jar:/home/deeme/.cache/coursier/v1/https/repo1.maven.org/maven2/org/scala-lang/scala-compiler/2.13.13/scala-compiler-2.13.13.jar:/home/deeme/.cache/coursier/v1/https/repo1.maven.org/maven2/com/thesamet/scalapb/lenses_2.13/0.11.15/lenses_2.13-0.11.15.jar:/home/deeme/.cache/coursier/v1/https/repo1.maven.org/maven2/com/google/protobuf/protobuf-java/3.19.6/protobuf-java-3.19.6.jar:/home/deeme/.cache/coursier/v1/https/repo1.maven.org/maven2/org/scala-native/nir_3/0.5.8/nir_3-0.5.8.jar:/home/deeme/.cache/coursier/v1/https/repo1.maven.org/maven2/org/scala-native/util_3/0.5.8/util_3-0.5.8.jar:/home/deeme/.cache/coursier/v1/https/repo1.maven.org/maven2/org/hamcrest/hamcrest-core/1.3/hamcrest-core-1.3.jar:/home/deeme/.cache/coursier/v1/https/repo1.maven.org/maven2/org/scala-js/scalajs-logging_2.13/1.1.1/scalajs-logging_2.13-1.1.1.jar:/home/deeme/.cache/coursier/v1/https/repo1.maven.org/maven2/com/lihaoyi/unroll-annotation_2.13/0.1.12/unroll-annotation_2.13-0.1.12.jar:/home/deeme/.cache/coursier/v1/https/repo1.maven.org/maven2/ch/epfl/scala/bloop-rifle_2.13/2.0.13/bloop-rifle_2.13-2.0.13.jar:/home/deeme/.cache/coursier/v1/https/repo1.maven.org/maven2/io/get-coursier/coursier-jvm_2.13/2.1.24/coursier-jvm_2.13-2.1.24.jar:/home/deeme/.cache/coursier/v1/https/repo1.maven.org/maven2/io/get-coursier/dependency_3/0.3.2/dependency_3-0.3.2.jar:/home/deeme/.cache/coursier/v1/https/repo1.maven.org/maven2/org/eclipse/jgit/org.eclipse.jgit/7.3.0.202506031305-r/org.eclipse.jgit-7.3.0.202506031305-r.jar:/home/deeme/.cache/coursier/v1/https/repo1.maven.org/maven2/org/scala-js/scalajs-env-jsdom-nodejs_2.13/1.1.0/scalajs-env-jsdom-nodejs_2.13-1.1.0.jar:/home/deeme/.cache/coursier/v1/https/repo1.maven.org/maven2/org/eclipse/lsp4j/org.eclipse.lsp4j.generator/0.20.1/org.eclipse.lsp4j.generator-0.20.1.jar:/home/deeme/.cache/coursier/v1/https/repo1.maven.org/maven2/org/eclipse/lsp4j/org.eclipse.lsp4j.jsonrpc/0.20.1/org.eclipse.lsp4j.jsonrpc-0.20.1.jar:/home/deeme/.cache/coursier/v1/https/repo1.maven.org/maven2/commons-logging/commons-logging/1.2/commons-logging-1.2.jar:/home/deeme/.cache/coursier/v1/https/repo1.maven.org/maven2/io/grpc/grpc-context/1.27.2/grpc-context-1.27.2.jar:/home/deeme/.cache/coursier/v1/https/repo1.maven.org/maven2/com/google/code/gson/gson/2.10.1/gson-2.10.1.jar:/home/deeme/.cache/coursier/v1/https/repo1.maven.org/maven2/org/scala-sbt/util-interface/1.10.4/util-interface-1.10.4.jar:/home/deeme/.cache/coursier/v1/https/repo1.maven.org/maven2/org/scalameta/trees_2.13/4.13.9/trees_2.13-4.13.9.jar:/home/deeme/.cache/coursier/v1/https/repo1.maven.org/maven2/io/github/java-diff-utils/java-diff-utils/4.12/java-diff-utils-4.12.jar:/home/deeme/.cache/coursier/v1/https/repo1.maven.org/maven2/ch/epfl/scala/libdaemon_2.13/0.0.12/libdaemon_2.13-0.0.12.jar:/home/deeme/.cache/coursier/v1/https/repo1.maven.org/maven2/io/github/alexarchambault/scala-cli/snailgun/snailgun-core_2.13/0.4.1-sc2/snailgun-core_2.13-0.4.1-sc2.jar:/home/deeme/.cache/coursier/v1/https/repo1.maven.org/maven2/io/get-coursier/coursier_2.13/2.1.24/coursier_2.13-2.1.24.jar:/home/deeme/.cache/coursier/v1/https/repo1.maven.org/maven2/io/get-coursier/coursier-env_2.13/2.1.24/coursier-env_2.13-2.1.24.jar:/home/deeme/.cache/coursier/v1/https/repo1.maven.org/maven2/com/googlecode/javaewah/JavaEWAH/1.2.3/JavaEWAH-1.2.3.jar:/home/deeme/.cache/coursier/v1/https/repo1.maven.org/maven2/org/eclipse/xtend/org.eclipse.xtend.lib/2.28.0/org.eclipse.xtend.lib-2.28.0.jar:/home/deeme/.cache/coursier/v1/https/repo1.maven.org/maven2/org/scalameta/common_2.13/4.13.9/common_2.13-4.13.9.jar:/home/deeme/.cache/coursier/v1/https/repo1.maven.org/maven2/org/scalameta/io_2.13/4.13.9/io_2.13-4.13.9.jar:/home/deeme/.cache/coursier/v1/https/repo1.maven.org/maven2/org/eclipse/xtext/org.eclipse.xtext.xbase.lib/2.28.0/org.eclipse.xtext.xbase.lib-2.28.0.jar:/home/deeme/.cache/coursier/v1/https/repo1.maven.org/maven2/org/eclipse/xtend/org.eclipse.xtend.lib.macro/2.28.0/org.eclipse.xtend.lib.macro-2.28.0.jar, scala.cli.ScalaCli, bsp, /home/deeme/Documents/code/Egui_calculator)[0m
2025.10.25 18:20:14 INFO  tracing is disabled for protocol BSP, to enable tracing of incoming and outgoing JSON messages create an empty file at /home/deeme/Documents/code/Egui_calculator/.metals/bsp.trace.json or /home/deeme/.cache/metals/bsp.trace.json[0m
2025.10.25 18:20:17 INFO  Scala CLI: Downloading https://repo1.maven.org/maven2/com/sourcegraph/semanticdb-javac/0.10.0/semanticdb-javac-0.10.0.jar[0m
2025.10.25 18:20:20 INFO  Scala CLI: Downloaded https://repo1.maven.org/maven2/com/sourcegraph/semanticdb-javac/0.10.0/semanticdb-javac-0.10.0.jar[0m
2025.10.25 18:20:20 INFO  Connected to Scala CLI server v1.9.1[0m
2025.10.25 18:20:20 INFO  Shut down connection with build server.[0m
oct. 25, 2025 6:20:20 PM org.eclipse.lsp4j.jsonrpc.json.StreamMessageProducer fireStreamClosed
INFOS: Stream closed
java.io.IOException: Stream closed
	at java.base/java.io.BufferedInputStream.getBufIfOpen(BufferedInputStream.java:168)
	at java.base/java.io.BufferedInputStream.read(BufferedInputStream.java:267)
	at org.eclipse.lsp4j.jsonrpc.json.StreamMessageProducer.listen(StreamMessageProducer.java:82)
	at org.eclipse.lsp4j.jsonrpc.json.ConcurrentMessageProcessor.run(ConcurrentMessageProcessor.java:114)
	at java.base/java.util.concurrent.Executors$RunnableAdapter.call(Executors.java:539)
	at java.base/java.util.concurrent.FutureTask.run(FutureTask.java:264)
	at java.base/java.util.concurrent.ThreadPoolExecutor.runWorker(ThreadPoolExecutor.java:1136)
	at java.base/java.util.concurrent.ThreadPoolExecutor$Worker.run(ThreadPoolExecutor.java:635)
	at java.base/java.lang.Thread.run(Thread.java:840)

java.util.concurrent.RejectedExecutionException: Task Future(<not completed>) rejected from java.util.concurrent.ThreadPoolExecutor@5df981ec[Shutting down, pool size = 1, active threads = 1, queued tasks = 0, completed tasks = 527]
	at java.base/java.util.concurrent.ThreadPoolExecutor$AbortPolicy.rejectedExecution(ThreadPoolExecutor.java:2065)
	at java.base/java.util.concurrent.ThreadPoolExecutor.reject(ThreadPoolExecutor.java:833)
	at java.base/java.util.concurrent.ThreadPoolExecutor.execute(ThreadPoolExecutor.java:1365)
	at scala.concurrent.impl.ExecutionContextImpl.execute(ExecutionContextImpl.scala:21)
	at scala.concurrent.impl.Promise$Transformation.submitWithValue(Promise.scala:462)
	at scala.concurrent.impl.Promise$DefaultPromise.submitWithValue(Promise.scala:371)
	at scala.concurrent.impl.Promise$DefaultPromise.tryComplete0(Promise.scala:295)
	at scala.concurrent.impl.Promise$Transformation.handleFailure(Promise.scala:477)
	at scala.concurrent.impl.Promise$Transformation.submitWithValue(Promise.scala:468)
	at scala.concurrent.impl.Promise$DefaultPromise.submitWithValue(Promise.scala:371)
	at scala.concurrent.impl.Promise$DefaultPromise.tryComplete0(Promise.scala:295)
	at scala.concurrent.impl.Promise$Transformation.handleFailure(Promise.scala:477)
	at scala.concurrent.impl.Promise$Transformation.run(Promise.scala:539)
	at java.base/java.util.concurrent.ThreadPoolExecutor.runWorker(ThreadPoolExecutor.java:1136)
	at java.base/java.util.concurrent.ThreadPoolExecutor$Worker.run(ThreadPoolExecutor.java:635)
	at java.base/java.lang.Thread.run(Thread.java:840)
2025.10.25 18:20:54 INFO  Started: Metals version 1.6.3 in folders '/home/deeme/Documents/code/Egui_calculator' for client Neovim 0.11.4+v0.11.4.[0m
2025.10.25 18:20:54 WARN  Using H2 2.4.240 which is newer than the version Flyway has been verified with. The latest verified version of H2 is 2.3.232.[0m
2025.10.25 18:20:55 INFO  no build target found for /home/deeme/Documents/code/Egui_calculator/egui-calculator/src/scala/calculator/basic/BasicEvaluator.scala. Using presentation compiler with project's scala-library version: 3.3.6[0m
2025.10.25 18:20:55 WARN  scala-cli >= 0.1.3 not found in PATH, fetching and starting a JVM-based Scala CLI[0m
2025.10.25 18:20:56 INFO  Running List(/usr/lib/jvm/java-17-openjdk/bin/java, -cp, /home/deeme/.cache/coursier/v1/https/repo1.maven.org/maven2/org/virtuslab/scala-cli/cli_3/1.9.1/cli_3-1.9.1.jar:/home/deeme/.cache/coursier/v1/https/repo1.maven.org/maven2/com/github/alexarchambault/case-app_3/2.1.0/case-app_3-2.1.0.jar:/home/deeme/.cache/coursier/v1/https/repo1.maven.org/maven2/io/get-coursier/coursier-launcher_2.13/2.1.24/coursier-launcher_2.13-2.1.24.jar:/home/deeme/.cache/coursier/v1/https/repo1.maven.org/maven2/io/get-coursier/coursier-proxy-setup/2.1.24/coursier-proxy-setup-2.1.24.jar:/home/deeme/.cache/coursier/v1/https/repo1.maven.org/maven2/io/get-coursier/publish/publish_3/0.4.3/publish_3-0.4.3.jar:/home/deeme/.cache/coursier/v1/https/repo1.maven.org/maven2/com/google/jimfs/jimfs/1.3.1/jimfs-1.3.1.jar:/home/deeme/.cache/coursier/v1/https/repo1.maven.org/maven2/io/get-coursier/jniutils/windows-jni-utils/0.3.3/windows-jni-utils-0.3.3.jar:/home/deeme/.cache/coursier/v1/https/repo1.maven.org/maven2/com/github/plokhotnyuk/jsoniter-scala/jsoniter-scala-core_3/2.13.5.2/jsoniter-scala-core_3-2.13.5.2.jar:/home/deeme/.cache/coursier/v1/https/repo1.maven.org/maven2/org/virtuslab/scala-cli/libsodiumjni/0.0.4/libsodiumjni-0.0.4.jar:/home/deeme/.cache/coursier/v1/https/repo1.maven.org/maven2/org/scalameta/metaconfig-typesafe-config_3/0.16.0/metaconfig-typesafe-config_3-0.16.0.jar:/home/deeme/.cache/coursier/v1/https/repo1.maven.org/maven2/ai/kien/python-native-libs_3/0.2.4/python-native-libs_3-0.2.4.jar:/home/deeme/.cache/coursier/v1/https/repo1.maven.org/maven2/org/virtuslab/scala-packager_3/0.2.0/scala-packager_3-0.2.0.jar:/home/deeme/.cache/coursier/v1/https/repo1.maven.org/maven2/org/virtuslab/scala-cli-signing/cli_3/0.2.11/cli_3-0.2.11.jar:/home/deeme/.cache/coursier/v1/https/repo1.maven.org/maven2/org/slf4j/slf4j-nop/2.0.17/slf4j-nop-2.0.17.jar:/home/deeme/.cache/coursier/v1/https/repo1.maven.org/maven2/com/softwaremill/sttp/client3/core_3/3.11.0/core_3-3.11.0.jar:/home/deeme/.cache/coursier/v1/https/repo1.maven.org/maven2/ch/epfl/scala/scalafix-interfaces/0.14.3/scalafix-interfaces-0.14.3.jar:/home/deeme/.cache/coursier/v1/https/repo1.maven.org/maven2/org/scala-lang/scala3-library_3/3.3.6/scala3-library_3-3.3.6.jar:/home/deeme/.cache/coursier/v1/https/repo1.maven.org/maven2/org/virtuslab/scala-cli/build-module_3/1.9.1/build-module_3-1.9.1.jar:/home/deeme/.cache/coursier/v1/https/repo1.maven.org/maven2/org/virtuslab/scala-cli/config_3/1.9.1/config_3-1.9.1.jar:/home/deeme/.cache/coursier/v1/https/repo1.maven.org/maven2/org/virtuslab/scala-cli/scala3-graal_3/1.9.1/scala3-graal_3-1.9.1.jar:/home/deeme/.cache/coursier/v1/https/repo1.maven.org/maven2/org/virtuslab/scala-cli/specification-level_3/1.9.1/specification-level_3-1.9.1.jar:/home/deeme/.cache/coursier/v1/https/repo1.maven.org/maven2/com/lihaoyi/sourcecode_3/0.4.3-M5/sourcecode_3-0.4.3-M5.jar:/home/deeme/.cache/coursier/v1/https/repo1.maven.org/maven2/com/github/alexarchambault/case-app-annotations_3/2.1.0/case-app-annotations_3-2.1.0.jar:/home/deeme/.cache/coursier/v1/https/repo1.maven.org/maven2/com/github/alexarchambault/case-app-util_3/2.1.0/case-app-util_3-2.1.0.jar:/home/deeme/.cache/coursier/v1/https/repo1.maven.org/maven2/io/github/alexarchambault/scala-cli/tmp/zip-input-stream/0.1.1/zip-input-stream-0.1.1.jar:/home/deeme/.cache/coursier/v1/https/repo1.maven.org/maven2/org/scala-lang/scala-library/2.13.16/scala-library-2.13.16.jar:/home/deeme/.cache/coursier/v1/https/repo1.maven.org/maven2/io/get-coursier/coursier-cache_2.13/2.1.24/coursier-cache_2.13-2.1.24.jar:/home/deeme/.cache/coursier/v1/https/repo1.maven.org/maven2/io/get-coursier/coursier-core_2.13/2.1.24/coursier-core_2.13-2.1.24.jar:/home/deeme/.cache/coursier/v1/https/repo1.maven.org/maven2/com/google/guava/guava/33.4.8-jre/guava-33.4.8-jre.jar:/home/deeme/.cache/coursier/v1/https/repo1.maven.org/maven2/net/java/dev/jna/jna/5.13.0/jna-5.13.0.jar:/home/deeme/.cache/coursier/v1/https/repo1.maven.org/maven2/net/java/dev/jna/jna-platform/5.12.1/jna-platform-5.12.1.jar:/home/deeme/.cache/coursier/v1/https/repo1.maven.org/maven2/org/scalameta/metaconfig-core_3/0.16.0/metaconfig-core_3-0.16.0.jar:/home/deeme/.cache/coursier/v1/https/repo1.maven.org/maven2/com/typesafe/config/1.4.3/config-1.4.3.jar:/home/deeme/.cache/coursier/v1/https/repo1.maven.org/maven2/org/scala-lang/modules/scala-collection-compat_3/2.13.0/scala-collection-compat_3-2.13.0.jar:/home/deeme/.cache/coursier/v1/https/repo1.maven.org/maven2/commons-io/commons-io/2.20.0/commons-io-2.20.0.jar:/home/deeme/.cache/coursier/v1/https/repo1.maven.org/maven2/com/google/cloud/tools/jib-core/0.27.3/jib-core-0.27.3.jar:/home/deeme/.cache/coursier/v1/https/repo1.maven.org/maven2/com/lihaoyi/os-lib_3/0.11.5/os-lib_3-0.11.5.jar:/home/deeme/.cache/coursier/v1/https/repo1.maven.org/maven2/org/bouncycastle/bcpg-jdk18on/1.81/bcpg-jdk18on-1.81.jar:/home/deeme/.cache/coursier/v1/https/repo1.maven.org/maven2/org/bouncycastle/bcutil-jdk18on/1.81/bcutil-jdk18on-1.81.jar:/home/deeme/.cache/coursier/v1/https/repo1.maven.org/maven2/org/virtuslab/scala-cli-signing/shared_3/0.2.11/shared_3-0.2.11.jar:/home/deeme/.cache/coursier/v1/https/repo1.maven.org/maven2/org/slf4j/slf4j-api/2.0.17/slf4j-api-2.0.17.jar:/home/deeme/.cache/coursier/v1/https/repo1.maven.org/maven2/com/softwaremill/sttp/model/core_3/1.7.11/core_3-1.7.11.jar:/home/deeme/.cache/coursier/v1/https/repo1.maven.org/maven2/com/softwaremill/sttp/shared/core_3/1.3.22/core_3-1.3.22.jar:/home/deeme/.cache/coursier/v1/https/repo1.maven.org/maven2/com/softwaremill/sttp/shared/ws_3/1.3.22/ws_3-1.3.22.jar:/home/deeme/.cache/coursier/v1/https/repo1.maven.org/maven2/io/get-coursier/interface/1.0.28/interface-1.0.28.jar:/home/deeme/.cache/coursier/v1/https/repo1.maven.org/maven2/org/ow2/asm/asm/9.8/asm-9.8.jar:/home/deeme/.cache/coursier/v1/https/repo1.maven.org/maven2/org/virtuslab/scala-cli/java-class-name/java-class-name_3/0.1.8/java-class-name_3-0.1.8.jar:/home/deeme/.cache/coursier/v1/https/repo1.maven.org/maven2/org/scalameta/semanticdb-shared_2.13/4.13.9/semanticdb-shared_2.13-4.13.9.jar:/home/deeme/.cache/coursier/v1/https/repo1.maven.org/maven2/org/scala-native/test-runner_3/0.5.8/test-runner_3-0.5.8.jar:/home/deeme/.cache/coursier/v1/https/repo1.maven.org/maven2/com/lihaoyi/pprint_3/0.9.3/pprint_3-0.9.3.jar:/home/deeme/.cache/coursier/v1/https/repo1.maven.org/maven2/org/scala-js/scalajs-env-nodejs_2.13/1.4.0/scalajs-env-nodejs_2.13-1.4.0.jar:/home/deeme/.cache/coursier/v1/https/repo1.maven.org/maven2/org/scala-js/scalajs-sbt-test-adapter_2.13/1.20.1/scalajs-sbt-test-adapter_2.13-1.20.1.jar:/home/deeme/.cache/coursier/v1/https/repo1.maven.org/maven2/com/swoval/file-tree-views/2.1.12/file-tree-views-2.1.12.jar:/home/deeme/.cache/coursier/v1/https/repo1.maven.org/maven2/org/virtuslab/scala-cli/zip-input-stream/zip-input-stream/0.1.3/zip-input-stream-0.1.3.jar:/home/deeme/.cache/coursier/v1/https/repo1.maven.org/maven2/org/virtuslab/scala-cli/options_3/1.9.1/options_3-1.9.1.jar:/home/deeme/.cache/coursier/v1/https/repo1.maven.org/maven2/org/virtuslab/scala-cli/directives_3/1.9.1/directives_3-1.9.1.jar:/home/deeme/.cache/coursier/v1/https/repo1.maven.org/maven2/org/virtuslab/scala-cli/scala-cli-bsp/1.9.1/scala-cli-bsp-1.9.1.jar:/home/deeme/.cache/coursier/v1/https/repo1.maven.org/maven2/org/virtuslab/scala-cli/test-runner_3/1.9.1/test-runner_3-1.9.1.jar:/home/deeme/.cache/coursier/v1/https/repo1.maven.org/maven2/org/virtuslab/scala-cli/tasty-lib_3/1.9.1/tasty-lib_3-1.9.1.jar:/home/deeme/.cache/coursier/v1/https/repo1.maven.org/maven2/io/github/alexarchambault/is-terminal/0.1.1/is-terminal-0.1.1.jar:/home/deeme/.cache/coursier/v1/https/repo1.maven.org/maven2/org/codehaus/plexus/plexus-archiver/4.10.0/plexus-archiver-4.10.0.jar:/home/deeme/.cache/coursier/v1/https/repo1.maven.org/maven2/org/codehaus/plexus/plexus-container-default/2.1.1/plexus-container-default-2.1.1.jar:/home/deeme/.cache/coursier/v1/https/repo1.maven.org/maven2/io/github/alexarchambault/windows-ansi/windows-ansi/0.0.6/windows-ansi-0.0.6.jar:/home/deeme/.cache/coursier/v1/https/repo1.maven.org/maven2/io/get-coursier/cache-util/2.1.24/cache-util-2.1.24.jar:/home/deeme/.cache/coursier/v1/https/repo1.maven.org/maven2/io/get-coursier/coursier-util_2.13/2.1.24/coursier-util_2.13-2.1.24.jar:/home/deeme/.cache/coursier/v1/https/repo1.maven.org/maven2/io/github/alexarchambault/concurrent-reference-hash-map/1.1.0/concurrent-reference-hash-map-1.1.0.jar:/home/deeme/.cache/coursier/v1/https/repo1.maven.org/maven2/org/scala-lang/modules/scala-xml_2.13/2.3.0/scala-xml_2.13-2.3.0.jar:/home/deeme/.cache/coursier/v1/https/repo1.maven.org/maven2/com/google/guava/failureaccess/1.0.3/failureaccess-1.0.3.jar:/home/deeme/.cache/coursier/v1/https/repo1.maven.org/maven2/com/google/guava/listenablefuture/9999.0-empty-to-avoid-conflict-with-guava/listenablefuture-9999.0-empty-to-avoid-conflict-with-guava.jar:/home/deeme/.cache/coursier/v1/https/repo1.maven.org/maven2/org/jspecify/jspecify/1.0.0/jspecify-1.0.0.jar:/home/deeme/.cache/coursier/v1/https/repo1.maven.org/maven2/com/google/errorprone/error_prone_annotations/2.36.0/error_prone_annotations-2.36.0.jar:/home/deeme/.cache/coursier/v1/https/repo1.maven.org/maven2/com/google/j2objc/j2objc-annotations/3.0.0/j2objc-annotations-3.0.0.jar:/home/deeme/.cache/coursier/v1/https/repo1.maven.org/maven2/org/scalameta/metaconfig-pprint_3/0.16.0/metaconfig-pprint_3-0.16.0.jar:/home/deeme/.cache/coursier/v1/https/repo1.maven.org/maven2/org/typelevel/paiges-core_3/0.4.4/paiges-core_3-0.4.4.jar:/home/deeme/.cache/coursier/v1/https/repo1.maven.org/maven2/org/scala-lang/scala-reflect/2.13.16/scala-reflect-2.13.16.jar:/home/deeme/.cache/coursier/v1/https/repo1.maven.org/maven2/com/google/cloud/tools/jib-build-plan/0.4.0/jib-build-plan-0.4.0.jar:/home/deeme/.cache/coursier/v1/https/repo1.maven.org/maven2/com/google/http-client/google-http-client/1.42.2/google-http-client-1.42.2.jar:/home/deeme/.cache/coursier/v1/https/repo1.maven.org/maven2/com/google/http-client/google-http-client-apache-v2/1.42.2/google-http-client-apache-v2-1.42.2.jar:/home/deeme/.cache/coursier/v1/https/repo1.maven.org/maven2/com/google/auth/google-auth-library-oauth2-http/1.10.0/google-auth-library-oauth2-http-1.10.0.jar:/home/deeme/.cache/coursier/v1/https/repo1.maven.org/maven2/org/apache/commons/commons-compress/1.26.2/commons-compress-1.26.2.jar:/home/deeme/.cache/coursier/v1/https/repo1.maven.org/maven2/com/fasterxml/jackson/core/jackson-databind/2.15.2/jackson-databind-2.15.2.jar:/home/deeme/.cache/coursier/v1/https/repo1.maven.org/maven2/com/fasterxml/jackson/datatype/jackson-datatype-jsr310/2.15.2/jackson-datatype-jsr310-2.15.2.jar:/home/deeme/.cache/coursier/v1/https/repo1.maven.org/maven2/com/lihaoyi/geny_3/1.1.1/geny_3-1.1.1.jar:/home/deeme/.cache/coursier/v1/https/repo1.maven.org/maven2/com/lihaoyi/os-zip/0.11.5/os-zip-0.11.5.jar:/home/deeme/.cache/coursier/v1/https/repo1.maven.org/maven2/org/bouncycastle/bcprov-jdk18on/1.81/bcprov-jdk18on-1.81.jar:/home/deeme/.cache/coursier/v1/https/repo1.maven.org/maven2/org/jline/jline-terminal-jni/3.25.0/jline-terminal-jni-3.25.0.jar:/home/deeme/.cache/coursier/v1/https/repo1.maven.org/maven2/org/jline/jline-native/3.25.0/jline-native-3.25.0.jar:/home/deeme/.cache/coursier/v1/https/repo1.maven.org/maven2/org/scala-lang/scala3-compiler_3/3.3.6/scala3-compiler_3-3.3.6.jar:/home/deeme/.cache/coursier/v1/https/repo1.maven.org/maven2/org/scalameta/scalameta_2.13/4.13.9/scalameta_2.13-4.13.9.jar:/home/deeme/.cache/coursier/v1/https/repo1.maven.org/maven2/org/scala-lang/scalap/2.13.13/scalap-2.13.13.jar:/home/deeme/.cache/coursier/v1/https/repo1.maven.org/maven2/com/thesamet/scalapb/scalapb-runtime_2.13/0.11.15/scalapb-runtime_2.13-0.11.15.jar:/home/deeme/.cache/coursier/v1/https/repo1.maven.org/maven2/org/scala-native/tools_3/0.5.8/tools_3-0.5.8.jar:/home/deeme/.cache/coursier/v1/https/repo1.maven.org/maven2/org/scala-sbt/test-interface/1.0/test-interface-1.0.jar:/home/deeme/.cache/coursier/v1/https/repo1.maven.org/maven2/com/github/sbt/junit-interface/0.13.3/junit-interface-0.13.3.jar:/home/deeme/.cache/coursier/v1/https/repo1.maven.org/maven2/junit/junit/4.13.2/junit-4.13.2.jar:/home/deeme/.cache/coursier/v1/https/repo1.maven.org/maven2/com/lihaoyi/fansi_3/0.5.1/fansi_3-0.5.1.jar:/home/deeme/.cache/coursier/v1/https/repo1.maven.org/maven2/org/scala-js/scalajs-js-envs_2.13/1.4.0/scalajs-js-envs_2.13-1.4.0.jar:/home/deeme/.cache/coursier/v1/https/repo1.maven.org/maven2/ch/epfl/scala/bloop-config_2.13/2.3.2/bloop-config_2.13-2.3.2.jar:/home/deeme/.cache/coursier/v1/https/repo1.maven.org/maven2/org/virtuslab/scala-cli/core_3/1.9.1/core_3-1.9.1.jar:/home/deeme/.cache/coursier/v1/https/repo1.maven.org/maven2/org/virtuslab/using_directives/1.1.4/using_directives-1.1.4.jar:/home/deeme/.cache/coursier/v1/https/repo1.maven.org/maven2/org/virtuslab/scala-cli/build-macros_3/1.9.1/build-macros_3-1.9.1.jar:/home/deeme/.cache/coursier/v1/https/repo1.maven.org/maven2/ch/epfl/scala/bsp4j/2.1.1/bsp4j-2.1.1.jar:/home/deeme/.cache/coursier/v1/https/repo1.maven.org/maven2/javax/inject/javax.inject/1/javax.inject-1.jar:/home/deeme/.cache/coursier/v1/https/repo1.maven.org/maven2/org/codehaus/plexus/plexus-utils/4.0.1/plexus-utils-4.0.1.jar:/home/deeme/.cache/coursier/v1/https/repo1.maven.org/maven2/org/codehaus/plexus/plexus-io/3.5.0/plexus-io-3.5.0.jar:/home/deeme/.cache/coursier/v1/https/repo1.maven.org/maven2/io/airlift/aircompressor/0.27/aircompressor-0.27.jar:/home/deeme/.cache/coursier/v1/https/repo1.maven.org/maven2/org/tukaani/xz/1.9/xz-1.9.jar:/home/deeme/.cache/coursier/v1/https/repo1.maven.org/maven2/com/github/luben/zstd-jni/1.5.6-3/zstd-jni-1.5.6-3.jar:/home/deeme/.cache/coursier/v1/https/repo1.maven.org/maven2/org/codehaus/plexus/plexus-classworlds/2.6.0/plexus-classworlds-2.6.0.jar:/home/deeme/.cache/coursier/v1/https/repo1.maven.org/maven2/org/apache/xbean/xbean-reflect/3.7/xbean-reflect-3.7.jar:/home/deeme/.cache/coursier/v1/https/repo1.maven.org/maven2/org/fusesource/jansi/jansi/2.4.1/jansi-2.4.1.jar:/home/deeme/.cache/coursier/v1/https/repo1.maven.org/maven2/org/apache/httpcomponents/httpclient/4.5.13/httpclient-4.5.13.jar:/home/deeme/.cache/coursier/v1/https/repo1.maven.org/maven2/org/apache/httpcomponents/httpcore/4.4.15/httpcore-4.4.15.jar:/home/deeme/.cache/coursier/v1/https/repo1.maven.org/maven2/com/google/code/findbugs/jsr305/3.0.2/jsr305-3.0.2.jar:/home/deeme/.cache/coursier/v1/https/repo1.maven.org/maven2/io/opencensus/opencensus-api/0.31.1/opencensus-api-0.31.1.jar:/home/deeme/.cache/coursier/v1/https/repo1.maven.org/maven2/io/opencensus/opencensus-contrib-http-util/0.31.1/opencensus-contrib-http-util-0.31.1.jar:/home/deeme/.cache/coursier/v1/https/repo1.maven.org/maven2/com/google/auto/value/auto-value-annotations/1.9/auto-value-annotations-1.9.jar:/home/deeme/.cache/coursier/v1/https/repo1.maven.org/maven2/com/google/auth/google-auth-library-credentials/1.10.0/google-auth-library-credentials-1.10.0.jar:/home/deeme/.cache/coursier/v1/https/repo1.maven.org/maven2/com/google/http-client/google-http-client-gson/1.42.2/google-http-client-gson-1.42.2.jar:/home/deeme/.cache/coursier/v1/https/repo1.maven.org/maven2/commons-codec/commons-codec/1.18.0/commons-codec-1.18.0.jar:/home/deeme/.cache/coursier/v1/https/repo1.maven.org/maven2/org/apache/commons/commons-lang3/3.14.0/commons-lang3-3.14.0.jar:/home/deeme/.cache/coursier/v1/https/repo1.maven.org/maven2/com/fasterxml/jackson/core/jackson-annotations/2.15.2/jackson-annotations-2.15.2.jar:/home/deeme/.cache/coursier/v1/https/repo1.maven.org/maven2/com/fasterxml/jackson/core/jackson-core/2.15.2/jackson-core-2.15.2.jar:/home/deeme/.cache/coursier/v1/https/repo1.maven.org/maven2/org/scala-lang/scala3-interfaces/3.3.6/scala3-interfaces-3.3.6.jar:/home/deeme/.cache/coursier/v1/https/repo1.maven.org/maven2/org/scala-lang/tasty-core_3/3.3.6/tasty-core_3-3.3.6.jar:/home/deeme/.cache/coursier/v1/https/repo1.maven.org/maven2/org/scala-lang/modules/scala-asm/9.8.0-scala-1/scala-asm-9.8.0-scala-1.jar:/home/deeme/.cache/coursier/v1/https/repo1.maven.org/maven2/org/scala-sbt/compiler-interface/1.10.4/compiler-interface-1.10.4.jar:/home/deeme/.cache/coursier/v1/https/repo1.maven.org/maven2/org/scalameta/parsers_2.13/4.13.9/parsers_2.13-4.13.9.jar:/home/deeme/.cache/coursier/v1/https/repo1.maven.org/maven2/org/scala-lang/scala-compiler/2.13.13/scala-compiler-2.13.13.jar:/home/deeme/.cache/coursier/v1/https/repo1.maven.org/maven2/com/thesamet/scalapb/lenses_2.13/0.11.15/lenses_2.13-0.11.15.jar:/home/deeme/.cache/coursier/v1/https/repo1.maven.org/maven2/com/google/protobuf/protobuf-java/3.19.6/protobuf-java-3.19.6.jar:/home/deeme/.cache/coursier/v1/https/repo1.maven.org/maven2/org/scala-native/nir_3/0.5.8/nir_3-0.5.8.jar:/home/deeme/.cache/coursier/v1/https/repo1.maven.org/maven2/org/scala-native/util_3/0.5.8/util_3-0.5.8.jar:/home/deeme/.cache/coursier/v1/https/repo1.maven.org/maven2/org/hamcrest/hamcrest-core/1.3/hamcrest-core-1.3.jar:/home/deeme/.cache/coursier/v1/https/repo1.maven.org/maven2/org/scala-js/scalajs-logging_2.13/1.1.1/scalajs-logging_2.13-1.1.1.jar:/home/deeme/.cache/coursier/v1/https/repo1.maven.org/maven2/com/lihaoyi/unroll-annotation_2.13/0.1.12/unroll-annotation_2.13-0.1.12.jar:/home/deeme/.cache/coursier/v1/https/repo1.maven.org/maven2/ch/epfl/scala/bloop-rifle_2.13/2.0.13/bloop-rifle_2.13-2.0.13.jar:/home/deeme/.cache/coursier/v1/https/repo1.maven.org/maven2/io/get-coursier/coursier-jvm_2.13/2.1.24/coursier-jvm_2.13-2.1.24.jar:/home/deeme/.cache/coursier/v1/https/repo1.maven.org/maven2/io/get-coursier/dependency_3/0.3.2/dependency_3-0.3.2.jar:/home/deeme/.cache/coursier/v1/https/repo1.maven.org/maven2/org/eclipse/jgit/org.eclipse.jgit/7.3.0.202506031305-r/org.eclipse.jgit-7.3.0.202506031305-r.jar:/home/deeme/.cache/coursier/v1/https/repo1.maven.org/maven2/org/scala-js/scalajs-env-jsdom-nodejs_2.13/1.1.0/scalajs-env-jsdom-nodejs_2.13-1.1.0.jar:/home/deeme/.cache/coursier/v1/https/repo1.maven.org/maven2/org/eclipse/lsp4j/org.eclipse.lsp4j.generator/0.20.1/org.eclipse.lsp4j.generator-0.20.1.jar:/home/deeme/.cache/coursier/v1/https/repo1.maven.org/maven2/org/eclipse/lsp4j/org.eclipse.lsp4j.jsonrpc/0.20.1/org.eclipse.lsp4j.jsonrpc-0.20.1.jar:/home/deeme/.cache/coursier/v1/https/repo1.maven.org/maven2/commons-logging/commons-logging/1.2/commons-logging-1.2.jar:/home/deeme/.cache/coursier/v1/https/repo1.maven.org/maven2/io/grpc/grpc-context/1.27.2/grpc-context-1.27.2.jar:/home/deeme/.cache/coursier/v1/https/repo1.maven.org/maven2/com/google/code/gson/gson/2.10.1/gson-2.10.1.jar:/home/deeme/.cache/coursier/v1/https/repo1.maven.org/maven2/org/scala-sbt/util-interface/1.10.4/util-interface-1.10.4.jar:/home/deeme/.cache/coursier/v1/https/repo1.maven.org/maven2/org/scalameta/trees_2.13/4.13.9/trees_2.13-4.13.9.jar:/home/deeme/.cache/coursier/v1/https/repo1.maven.org/maven2/io/github/java-diff-utils/java-diff-utils/4.12/java-diff-utils-4.12.jar:/home/deeme/.cache/coursier/v1/https/repo1.maven.org/maven2/ch/epfl/scala/libdaemon_2.13/0.0.12/libdaemon_2.13-0.0.12.jar:/home/deeme/.cache/coursier/v1/https/repo1.maven.org/maven2/io/github/alexarchambault/scala-cli/snailgun/snailgun-core_2.13/0.4.1-sc2/snailgun-core_2.13-0.4.1-sc2.jar:/home/deeme/.cache/coursier/v1/https/repo1.maven.org/maven2/io/get-coursier/coursier_2.13/2.1.24/coursier_2.13-2.1.24.jar:/home/deeme/.cache/coursier/v1/https/repo1.maven.org/maven2/io/get-coursier/coursier-env_2.13/2.1.24/coursier-env_2.13-2.1.24.jar:/home/deeme/.cache/coursier/v1/https/repo1.maven.org/maven2/com/googlecode/javaewah/JavaEWAH/1.2.3/JavaEWAH-1.2.3.jar:/home/deeme/.cache/coursier/v1/https/repo1.maven.org/maven2/org/eclipse/xtend/org.eclipse.xtend.lib/2.28.0/org.eclipse.xtend.lib-2.28.0.jar:/home/deeme/.cache/coursier/v1/https/repo1.maven.org/maven2/org/scalameta/common_2.13/4.13.9/common_2.13-4.13.9.jar:/home/deeme/.cache/coursier/v1/https/repo1.maven.org/maven2/org/scalameta/io_2.13/4.13.9/io_2.13-4.13.9.jar:/home/deeme/.cache/coursier/v1/https/repo1.maven.org/maven2/org/eclipse/xtext/org.eclipse.xtext.xbase.lib/2.28.0/org.eclipse.xtext.xbase.lib-2.28.0.jar:/home/deeme/.cache/coursier/v1/https/repo1.maven.org/maven2/org/eclipse/xtend/org.eclipse.xtend.lib.macro/2.28.0/org.eclipse.xtend.lib.macro-2.28.0.jar, scala.cli.ScalaCli, bsp, /home/deeme/Documents/code/Egui_calculator)[0m
2025.10.25 18:20:56 INFO  tracing is disabled for protocol BSP, to enable tracing of incoming and outgoing JSON messages create an empty file at /home/deeme/Documents/code/Egui_calculator/.metals/bsp.trace.json or /home/deeme/.cache/metals/bsp.trace.json[0m
2025.10.25 18:20:58 WARN  no build target for: /home/deeme/Documents/code/Egui_calculator/egui-calculator/src/scala/calculator/basic/BasicEvaluator.scala[0m
2025.10.25 18:20:58 INFO  no build target found for /home/deeme/Documents/code/Egui_calculator/egui-calculator/src/scala/calculator/full/FullEvaluator.scala. Using presentation compiler with project's scala-library version: 3.3.6[0m
2025.10.25 18:20:58 INFO  no build target found for /home/deeme/Documents/code/Egui_calculator/egui-calculator/src/scala/calculator/full/FullEvaluator.scala. Using presentation compiler with project's scala-library version: 3.3.6[0m
2025.10.25 18:21:00 INFO  Connected to Scala CLI server v1.9.1[0m
2025.10.25 18:21:01 INFO  compiling egui_calculator_d5c0a6989e (13 scala sources)[0m
2025.10.25 18:21:02 WARN  Could not find java sources in /usr/lib/jvm/src.zip, /usr/lib/jvm/lib/src.zip, /usr/lib/jvm/java-17-openjdk/src.zip, /usr/lib/jvm/java-17-openjdk/lib/src.zip. Java symbols will not be available.[0m
2025.10.25 18:21:02 WARN  Could not find java sources in /usr/lib/jvm/src.zip, /usr/lib/jvm/lib/src.zip, /usr/lib/jvm/java-17-openjdk/src.zip, /usr/lib/jvm/java-17-openjdk/lib/src.zip. Java symbols will not be available.[0m
2025.10.25 18:21:04 INFO  time: indexed workspace in 4.43s[0m
2025.10.25 18:21:05 INFO  time: compiled Egui_calculator_d5c0a6989e in 4.96s[0m
2025.10.25 18:21:05 INFO  compiling egui_calculator_d5c0a6989e (13 scala sources)[0m
2025.10.25 18:21:07 INFO  time: compiled Egui_calculator_d5c0a6989e in 1.11s[0m
2025.10.25 18:21:07 INFO  compiling egui_calculator_d5c0a6989e (13 scala sources)[0m
2025.10.25 18:21:07 INFO  time: compiled Egui_calculator_d5c0a6989e in 0.77s[0m
2025.10.25 18:21:12 INFO  Scala CLI started for /home/deeme/Documents/code/Egui_calculator[0m
2025.10.25 18:21:12 WARN  no build tool detected in workspace '/home/deeme/Documents/code/Egui_calculator'. The most common cause for this problem is that the editor was opened in the wrong working directory, for example if you use sbt then the workspace directory should contain build.sbt. [0m
2025.10.25 18:21:12 WARN  Build server is not auto-connectable.[0m
2025.10.25 18:23:36 INFO  Shutting down server[0m
2025.10.25 18:23:36 INFO  shutting down Metals[0m
2025.10.25 18:23:36 INFO  Shut down connection with build server.[0m
oct. 25, 2025 6:23:36 PM org.eclipse.lsp4j.jsonrpc.json.StreamMessageProducer fireStreamClosed
INFOS: Stream closed
java.io.IOException: Stream closed
	at java.base/java.io.BufferedInputStream.getBufIfOpen(BufferedInputStream.java:168)
	at java.base/java.io.BufferedInputStream.read(BufferedInputStream.java:267)
	at org.eclipse.lsp4j.jsonrpc.json.StreamMessageProducer.listen(StreamMessageProducer.java:82)
	at org.eclipse.lsp4j.jsonrpc.json.ConcurrentMessageProcessor.run(ConcurrentMessageProcessor.java:114)
	at java.base/java.util.concurrent.Executors$RunnableAdapter.call(Executors.java:539)
	at java.base/java.util.concurrent.FutureTask.run(FutureTask.java:264)
	at java.base/java.util.concurrent.ThreadPoolExecutor.runWorker(ThreadPoolExecutor.java:1136)
	at java.base/java.util.concurrent.ThreadPoolExecutor$Worker.run(ThreadPoolExecutor.java:635)
	at java.base/java.lang.Thread.run(Thread.java:840)

java.util.concurrent.RejectedExecutionException: Task Future(<not completed>) rejected from java.util.concurrent.ThreadPoolExecutor@13854637[Shutting down, pool size = 5, active threads = 4, queued tasks = 0, completed tasks = 578]
	at java.base/java.util.concurrent.ThreadPoolExecutor$AbortPolicy.rejectedExecution(ThreadPoolExecutor.java:2065)
	at java.base/java.util.concurrent.ThreadPoolExecutor.reject(ThreadPoolExecutor.java:833)
	at java.base/java.util.concurrent.ThreadPoolExecutor.execute(ThreadPoolExecutor.java:1365)
	at scala.concurrent.impl.ExecutionContextImpl.execute(ExecutionContextImpl.scala:21)
	at scala.concurrent.impl.Promise$Transformation.submitWithValue(Promise.scala:462)
	at scala.concurrent.impl.Promise$DefaultPromise.submitWithValue(Promise.scala:371)
	at scala.concurrent.impl.Promise$DefaultPromise.tryComplete0(Promise.scala:295)
	at scala.concurrent.impl.Promise$Transformation.handleFailure(Promise.scala:477)
	at scala.concurrent.impl.Promise$Transformation.run(Promise.scala:539)
	at java.base/java.util.concurrent.ThreadPoolExecutor.runWorker(ThreadPoolExecutor.java:1136)
	at java.base/java.util.concurrent.ThreadPoolExecutor$Worker.run(ThreadPoolExecutor.java:635)
	at java.base/java.lang.Thread.run(Thread.java:840)
java.util.concurrent.RejectedExecutionException: Task Future(<not completed>) rejected from java.util.concurrent.ThreadPoolExecutor@13854637[Shutting down, pool size = 4, active threads = 2, queued tasks = 0, completed tasks = 580]
	at java.base/java.util.concurrent.ThreadPoolExecutor$AbortPolicy.rejectedExecution(ThreadPoolExecutor.java:2065)
	at java.base/java.util.concurrent.ThreadPoolExecutor.reject(ThreadPoolExecutor.java:833)
	at java.base/java.util.concurrent.ThreadPoolExecutor.execute(ThreadPoolExecutor.java:1365)
	at scala.concurrent.impl.ExecutionContextImpl.execute(ExecutionContextImpl.scala:21)
	at scala.concurrent.impl.Promise$Transformation.submitWithValue(Promise.scala:462)
	at scala.concurrent.impl.Promise$DefaultPromise.submitWithValue(Promise.scala:371)
	at scala.concurrent.impl.Promise$DefaultPromise.tryComplete0(Promise.scala:295)
	at scala.concurrent.impl.Promise$Transformation.handleFailure(Promise.scala:477)
	at scala.concurrent.impl.Promise$Transformation.submitWithValue(Promise.scala:468)
	at scala.concurrent.impl.Promise$DefaultPromise.submitWithValue(Promise.scala:371)
	at scala.concurrent.impl.Promise$DefaultPromise.tryComplete0(Promise.scala:295)
	at scala.concurrent.impl.Promise$Transformation.handleFailure(Promise.scala:477)
	at scala.concurrent.impl.Promise$Transformation.run(Promise.scala:539)
	at java.base/java.util.concurrent.ThreadPoolExecutor.runWorker(ThreadPoolExecutor.java:1136)
	at java.base/java.util.concurrent.ThreadPoolExecutor$Worker.run(ThreadPoolExecutor.java:635)
	at java.base/java.lang.Thread.run(Thread.java:840)
